! File BODIES                                                           
!                                                                       
! The symbol   '$'      preceeds a keyword used in scanning files.    
!                                                                       
! the symbol   'bdyty'  stands for 'body type data'.                
! These data are distributed according to some species.                 
!                                                                       
! the specy    'blmty'  stands for 'bulk element type data',        
! i.e. part or total bulk geometric description,                        
! and bulk behaviour laws;                                              
!                                                                       
! the specy    'nodty'  stands for 'node type data',                
! i.e. degrees of freedom data;                                         
!                                                                       
! the specy    'tacty'  stands for 'contactor type data';           
!                                                                       
! the keyword  '$$$$$$' ends a body record.                           
!                                                                       
                                                                      
$bdyty
 RBDY2        1
$blmty
 PLAIN      1  behav  PLEXx  avrd= 0.1850181D+01  gyrd= 0.1308275D+01
$nodty
 NO3xx      1                coo1= 0.3000000D+02  coo2= 0.4185018D+02  coo3= 0.0000000D+00
$tacty
 DISKx      1  color  BLUEx  byrd= 0.1850181D+01
$$$$$$
      
$bdyty
 RBDY2        2
$blmty
 PLAIN      1  behav  PLEXx  avrd= 0.1883920D+01  gyrd= 0.1332133D+01
$nodty
 NO3xx      1                coo1= 0.1407499D+02  coo2= 0.4188392D+02  coo3= 0.0000000D+00
$tacty
 DISKx      1  color  BLUEx  byrd= 0.1883920D+01
$$$$$$
      
$bdyty
 RBDY2        3
$blmty
 PLAIN      1  behav  PLEXx  avrd= 0.1081825D+01  gyrd= 0.7649660D+00
$nodty
 NO3xx      1                coo1= 0.6150795D+01  coo2= 0.4108183D+02  coo3= 0.0000000D+00
$tacty
 DISKx      1  color  BLUEx  byrd= 0.1081825D+01
$$$$$$
      
$bdyty
 RBDY2        4
$blmty
 PLAIN      1  behav  PLEXx  avrd= 0.5523340D+00  gyrd= 0.3905591D+00
$nodty
 NO3xx      1                coo1= 0.2578565D+01  coo2= 0.4055233D+02  coo3= 0.0000000D+00
$tacty
 DISKx      1  color  BLUEx  byrd= 0.5523340D+00
$$$$$$
      
$bdyty
 RBDY2        5
$blmty
 PLAIN      1  behav  PLEXx  avrd= 0.1314262D+01  gyrd= 0.9293239D+00
$nodty
 NO3xx      1                coo1= 0.9731764D+01  coo2= 0.4131426D+02  coo3= 0.0000000D+00
$tacty
 DISKx      1  color  BLUEx  byrd= 0.1314262D+01
$$$$$$
      
$bdyty
 RBDY2        6
$blmty
 PLAIN      1  behav  PLEXx  avrd= 0.1617573D+01  gyrd= 0.1143797D+01
$nodty
 NO3xx      1                coo1= 0.2205319D+02  coo2= 0.4161757D+02  coo3= 0.0000000D+00
$tacty
 DISKx      1  color  BLUEx  byrd= 0.1617573D+01
$$$$$$
      
$bdyty
 RBDY2        7
$blmty
 PLAIN      1  behav  PLEXx  avrd= 0.1312921D+01  gyrd= 0.9283752D+00
$nodty
 NO3xx      1                coo1= 0.1817950D+02  coo2= 0.4131292D+02  coo3= 0.0000000D+00
$tacty
 DISKx      1  color  BLUEx  byrd= 0.1312921D+01
$$$$$$
      
$bdyty
 RBDY2        8
$blmty
 PLAIN      1  behav  PLEXx  avrd= 0.1444888D+01  gyrd= 0.1021690D+01
$nodty
 NO3xx      1                coo1= 0.2592037D+02  coo2= 0.4144489D+02  coo3= 0.0000000D+00
$tacty
 DISKx      1  color  BLUEx  byrd= 0.1444888D+01
$$$$$$
      
$bdyty
 RBDY2        9
$blmty
 PLAIN      1  behav  PLEXx  avrd= 0.8419494D+00  gyrd= 0.5953481D+00
$nodty
 NO3xx      1                coo1= 0.1028321D+01  coo2= 0.4084195D+02  coo3= 0.0000000D+00
$tacty
 DISKx      1  color  BLUEx  byrd= 0.8419494D+00
$$$$$$
      
$bdyty
 RBDY2       10
$blmty
 PLAIN      1  behav  PLEXx  avrd= 0.5152328D+00  gyrd= 0.3643246D+00
$nodty
 NO3xx      1                coo1= 0.4151554D+01  coo2= 0.4051523D+02  coo3= 0.0000000D+00
$tacty
 DISKx      1  color  BLUEx  byrd= 0.5152328D+00
$$$$$$
      
$bdyty
 RBDY2       11
$blmty
 PLAIN      1  behav  PLEXx  avrd= 0.6255407D+00  gyrd= 0.4423241D+00
$nodty
 NO3xx      1                coo1= 0.4576304D+02  coo2= 0.4062554D+02  coo3= 0.0000000D+00
$tacty
 DISKx      1  color  BLUEx  byrd= 0.6255407D+00
$$$$$$
      
$bdyty
 RBDY2       12
$blmty
 PLAIN      1  behav  PLEXx  avrd= 0.9540744D+00  gyrd= 0.6746325D+00
$nodty
 NO3xx      1                coo1= 0.3843760D+02  coo2= 0.4095407D+02  coo3= 0.0000000D+00
$tacty
 DISKx      1  color  BLUEx  byrd= 0.9540744D+00
$$$$$$
      
$bdyty
 RBDY2       13
$blmty
 PLAIN      1  behav  PLEXx  avrd= 0.1806206D+01  gyrd= 0.1277181D+01
$nodty
 NO3xx      1                coo1= 0.3473413D+02  coo2= 0.4180621D+02  coo3= 0.0000000D+00
$tacty
 DISKx      1  color  BLUEx  byrd= 0.1806206D+01
$$$$$$
      
$bdyty
 RBDY2       14
$blmty
 PLAIN      1  behav  PLEXx  avrd= 0.1593936D+01  gyrd= 0.1127083D+01
$nodty
 NO3xx      1                coo1= 0.4233496D+02  coo2= 0.4159394D+02  coo3= 0.0000000D+00
$tacty
 DISKx      1  color  BLUEx  byrd= 0.1593936D+01
$$$$$$
      
$bdyty
 RBDY2       15
$blmty
 PLAIN      1  behav  PLEXx  avrd= 0.1731694D+01  gyrd= 0.1224493D+01
$nodty
 NO3xx      1                coo1= 0.5305646D+02  coo2= 0.4173169D+02  coo3= 0.0000000D+00
$tacty
 DISKx      1  color  BLUEx  byrd= 0.1731694D+01
$$$$$$
      
$bdyty
 RBDY2       16
$blmty
 PLAIN      1  behav  PLEXx  avrd= 0.5307814D+00  gyrd= 0.3753191D+00
$nodty
 NO3xx      1                coo1= 0.7863831D+01  coo2= 0.4053078D+02  coo3= 0.0000000D+00
$tacty
 DISKx      1  color  BLUEx  byrd= 0.5307814D+00
$$$$$$
      
$bdyty
 RBDY2       17
$blmty
 PLAIN      1  behav  PLEXx  avrd= 0.1191868D+01  gyrd= 0.8427778D+00
$nodty
 NO3xx      1                coo1= 0.4883656D+02  coo2= 0.4119187D+02  coo3= 0.0000000D+00
$tacty
 DISKx      1  color  BLUEx  byrd= 0.1191868D+01
$$$$$$
      
$bdyty
 RBDY2       18
$blmty
 PLAIN      1  behav  PLEXx  avrd= 0.8485228D+00  gyrd= 0.5999962D+00
$nodty
 NO3xx      1                coo1= 0.5731615D+02  coo2= 0.4084852D+02  coo3= 0.0000000D+00
$tacty
 DISKx      1  color  BLUEx  byrd= 0.8485228D+00
$$$$$$
      
$bdyty
 RBDY2       19
$blmty
 PLAIN      1  behav  PLEXx  avrd= 0.1033873D+01  gyrd= 0.7310586D+00
$nodty
 NO3xx      1                coo1= 0.5896613D+02  coo2= 0.4175461D+02  coo3= 0.0000000D+00
$tacty
 DISKx      1  color  BLUEx  byrd= 0.1033873D+01
$$$$$$
      
$bdyty
 RBDY2       20
$blmty
 PLAIN      1  behav  PLEXx  avrd= 0.8935184D+00  gyrd= 0.6318130D+00
$nodty
 NO3xx      1                coo1= 0.5565862D+02  coo2= 0.4138452D+02  coo3= 0.0000000D+00
$tacty
 DISKx      1  color  BLUEx  byrd= 0.8935184D+00
$$$$$$
      
$bdyty
 RBDY2       21
$blmty
 PLAIN      1  behav  PLEXx  avrd= 0.1257191D+01  gyrd= 0.8889679D+00
$nodty
 NO3xx      1                coo1= 0.3445206D+01  coo2= 0.4214083D+02  coo3= 0.0000000D+00
$tacty
 DISKx      1  color  BLUEx  byrd= 0.1257191D+01
$$$$$$
      
$bdyty
 RBDY2       22
$blmty
 PLAIN      1  behav  PLEXx  avrd= 0.1431707D+01  gyrd= 0.1012370D+01
$nodty
 NO3xx      1                coo1= 0.4657222D+02  coo2= 0.4251697D+02  coo3= 0.0000000D+00
$tacty
 DISKx      1  color  BLUEx  byrd= 0.1431707D+01
$$$$$$
      
$bdyty
 RBDY2       23
$blmty
 PLAIN      1  behav  PLEXx  avrd= 0.1937315D+01  gyrd= 0.1369889D+01
$nodty
 NO3xx      1                coo1= 0.3946804D+02  coo2= 0.4365561D+02  coo3= 0.0000000D+00
$tacty
 DISKx      1  color  BLUEx  byrd= 0.1937315D+01
$$$$$$
      
$bdyty
 RBDY2       24
$blmty
 PLAIN      1  behav  PLEXx  avrd= 0.6363369D+00  gyrd= 0.4499582D+00
$nodty
 NO3xx      1                coo1= 0.4442520D+02  coo2= 0.4063634D+02  coo3= 0.0000000D+00
$tacty
 DISKx      1  color  BLUEx  byrd= 0.6363369D+00
$$$$$$
      
$bdyty
 RBDY2       25
$blmty
 PLAIN      1  behav  PLEXx  avrd= 0.1531124D+01  gyrd= 0.1082668D+01
$nodty
 NO3xx      1                coo1= 0.7631953D+01  coo2= 0.4323442D+02  coo3= 0.0000000D+00
$tacty
 DISKx      1  color  BLUEx  byrd= 0.1531124D+01
$$$$$$
      
$bdyty
 RBDY2       26
$blmty
 PLAIN      1  behav  PLEXx  avrd= 0.1471941D+01  gyrd= 0.1040820D+01
$nodty
 NO3xx      1                coo1= 0.5701270D+02  coo2= 0.4332407D+02  coo3= 0.0000000D+00
$tacty
 DISKx      1  color  BLUEx  byrd= 0.1471941D+01
$$$$$$
      
$bdyty
 RBDY2       27
$blmty
 PLAIN      1  behav  PLEXx  avrd= 0.8364753D+00  gyrd= 0.5914773D+00
$nodty
 NO3xx      1                coo1= 0.5054772D+02  coo2= 0.4228096D+02  coo3= 0.0000000D+00
$tacty
 DISKx      1  color  BLUEx  byrd= 0.8364753D+00
$$$$$$
      
$bdyty
 RBDY2       28
$blmty
 PLAIN      1  behav  PLEXx  avrd= 0.5259143D+00  gyrd= 0.3718776D+00
$nodty
 NO3xx      1                coo1= 0.1173937D+02  coo2= 0.4052591D+02  coo3= 0.0000000D+00
$tacty
 DISKx      1  color  BLUEx  byrd= 0.5259143D+00
$$$$$$
      
$bdyty
 RBDY2       29
$blmty
 PLAIN      1  behav  PLEXx  avrd= 0.1420280D+01  gyrd= 0.1004289D+01
$nodty
 NO3xx      1                coo1= 0.1972405D+02  coo2= 0.4356786D+02  coo3= 0.0000000D+00
$tacty
 DISKx      1  color  BLUEx  byrd= 0.1420280D+01
$$$$$$
      
$bdyty
 RBDY2       30
$blmty
 PLAIN      1  behav  PLEXx  avrd= 0.5071316D+00  gyrd= 0.3585962D+00
$nodty
 NO3xx      1                coo1= 0.3237865D+02  coo2= 0.4050713D+02  coo3= 0.0000000D+00
$tacty
 DISKx      1  color  BLUEx  byrd= 0.5071316D+00
$$$$$$
      
$bdyty
 RBDY2       31
$blmty
 PLAIN      1  behav  PLEXx  avrd= 0.1134304D+01  gyrd= 0.8020741D+00
$nodty
 NO3xx      1                coo1= 0.1150535D+01  coo2= 0.4281442D+02  coo3= 0.0000000D+00
$tacty
 DISKx      1  color  BLUEx  byrd= 0.1134304D+01
$$$$$$
      
$bdyty
 RBDY2       32
$blmty
 PLAIN      1  behav  PLEXx  avrd= 0.1016457D+01  gyrd= 0.7187433D+00
$nodty
 NO3xx      1                coo1= 0.1138177D+02  coo2= 0.4296039D+02  coo3= 0.0000000D+00
$tacty
 DISKx      1  color  BLUEx  byrd= 0.1016457D+01
$$$$$$
      
$bdyty
 RBDY2       33
$blmty
 PLAIN      1  behav  PLEXx  avrd= 0.7039819D+00  gyrd= 0.4977904D+00
$nodty
 NO3xx      1                coo1= 0.4443654D+02  coo2= 0.4252334D+02  coo3= 0.0000000D+00
$tacty
 DISKx      1  color  BLUEx  byrd= 0.7039819D+00
$$$$$$
      
$bdyty
 RBDY2       34
$blmty
 PLAIN      1  behav  PLEXx  avrd= 0.1851560D+01  gyrd= 0.1309250D+01
$nodty
 NO3xx      1                coo1= 0.2426118D+02  coo2= 0.4429333D+02  coo3= 0.0000000D+00
$tacty
 DISKx      1  color  BLUEx  byrd= 0.1851560D+01
$$$$$$
      
$bdyty
 RBDY2       35
$blmty
 PLAIN      1  behav  PLEXx  avrd= 0.1574093D+01  gyrd= 0.1113052D+01
$nodty
 NO3xx      1                coo1= 0.1676905D+02  coo2= 0.4405184D+02  coo3= 0.0000000D+00
$tacty
 DISKx      1  color  BLUEx  byrd= 0.1574093D+01
$$$$$$
      
$bdyty
 RBDY2       36
$blmty
 PLAIN      1  behav  PLEXx  avrd= 0.1518020D+01  gyrd= 0.1073402D+01
$nodty
 NO3xx      1                coo1= 0.4905830D+02  coo2= 0.4410450D+02  coo3= 0.0000000D+00
$tacty
 DISKx      1  color  BLUEx  byrd= 0.1518020D+01
$$$$$$
      
$bdyty
 RBDY2       37
$blmty
 PLAIN      1  behav  PLEXx  avrd= 0.1532806D+01  gyrd= 0.1083858D+01
$nodty
 NO3xx      1                coo1= 0.3242044D+02  coo2= 0.4421366D+02  coo3= 0.0000000D+00
$tacty
 DISKx      1  color  BLUEx  byrd= 0.1532806D+01
$$$$$$
      
$bdyty
 RBDY2       38
$blmty
 PLAIN      1  behav  PLEXx  avrd= 0.1532058D+01  gyrd= 0.1083329D+01
$nodty
 NO3xx      1                coo1= 0.2764476D+02  coo2= 0.4427760D+02  coo3= 0.0000000D+00
$tacty
 DISKx      1  color  BLUEx  byrd= 0.1532058D+01
$$$$$$
      
$bdyty
 RBDY2       39
$blmty
 PLAIN      1  behav  PLEXx  avrd= 0.1706958D+01  gyrd= 0.1207002D+01
$nodty
 NO3xx      1                coo1= 0.4342234D+02  coo2= 0.4471059D+02  coo3= 0.0000000D+00
$tacty
 DISKx      1  color  BLUEx  byrd= 0.1706958D+01
$$$$$$
      
$bdyty
 RBDY2       40
$blmty
 PLAIN      1  behav  PLEXx  avrd= 0.1925768D+01  gyrd= 0.1361724D+01
$nodty
 NO3xx      1                coo1= 0.4700131D+01  coo2= 0.4506596D+02  coo3= 0.0000000D+00
$tacty
 DISKx      1  color  BLUEx  byrd= 0.1925768D+01
$$$$$$
      
$bdyty
 RBDY2       41
$blmty
 PLAIN      1  behav  PLEXx  avrd= 0.5942847D+00  gyrd= 0.4202227D+00
$nodty
 NO3xx      1                coo1= 0.3713457D+02  coo2= 0.4179046D+02  coo3= 0.0000000D+00
$tacty
 DISKx      1  color  BLUEx  byrd= 0.5942847D+00
$$$$$$
      
$bdyty
 RBDY2       42
$blmty
 PLAIN      1  behav  PLEXx  avrd= 0.5539661D+00  gyrd= 0.3917132D+00
$nodty
 NO3xx      1                coo1= 0.5503822D+02  coo2= 0.4287051D+02  coo3= 0.0000000D+00
$tacty
 DISKx      1  color  BLUEx  byrd= 0.5539661D+00
$$$$$$
      
$bdyty
 RBDY2       43
$blmty
 PLAIN      1  behav  PLEXx  avrd= 0.1263601D+01  gyrd= 0.8935005D+00
$nodty
 NO3xx      1                coo1= 0.3635767D+02  coo2= 0.4441155D+02  coo3= 0.0000000D+00
$tacty
 DISKx      1  color  BLUEx  byrd= 0.1263601D+01
$$$$$$
      
$bdyty
 RBDY2       44
$blmty
 PLAIN      1  behav  PLEXx  avrd= 0.1703085D+01  gyrd= 0.1204263D+01
$nodty
 NO3xx      1                coo1= 0.5420583D+02  coo2= 0.4496846D+02  coo3= 0.0000000D+00
$tacty
 DISKx      1  color  BLUEx  byrd= 0.1703085D+01
$$$$$$
      
$bdyty
 RBDY2       45
$blmty
 PLAIN      1  behav  PLEXx  avrd= 0.6427648D+00  gyrd= 0.4545034D+00
$nodty
 NO3xx      1                coo1= 0.5935724D+02  coo2= 0.4338499D+02  coo3= 0.0000000D+00
$tacty
 DISKx      1  color  BLUEx  byrd= 0.6427648D+00
$$$$$$
      
$bdyty
 RBDY2       46
$blmty
 PLAIN      1  behav  PLEXx  avrd= 0.1317999D+01  gyrd= 0.9319658D+00
$nodty
 NO3xx      1                coo1= 0.1279467D+02  coo2= 0.4481872D+02  coo3= 0.0000000D+00
$tacty
 DISKx      1  color  BLUEx  byrd= 0.1317999D+01
$$$$$$
      
$bdyty
 RBDY2       47
$blmty
 PLAIN      1  behav  PLEXx  avrd= 0.9110725D+00  gyrd= 0.6442256D+00
$nodty
 NO3xx      1                coo1= 0.5147384D+02  coo2= 0.4384818D+02  coo3= 0.0000000D+00
$tacty
 DISKx      1  color  BLUEx  byrd= 0.9110725D+00
$$$$$$
      
$bdyty
 RBDY2       48
$blmty
 PLAIN      1  behav  PLEXx  avrd= 0.7006083D+00  gyrd= 0.4954049D+00
$nodty
 NO3xx      1                coo1= 0.9819982D+01  coo2= 0.4367392D+02  coo3= 0.0000000D+00
$tacty
 DISKx      1  color  BLUEx  byrd= 0.7006083D+00
$$$$$$
      
$bdyty
 RBDY2       49
$blmty
 PLAIN      1  behav  PLEXx  avrd= 0.1430225D+01  gyrd= 0.1011322D+01
$nodty
 NO3xx      1                coo1= 0.4645945D+02  coo2= 0.4549665D+02  coo3= 0.0000000D+00
$tacty
 DISKx      1  color  BLUEx  byrd= 0.1430225D+01
$$$$$$
      
$bdyty
 RBDY2       50
$blmty
 PLAIN      1  behav  PLEXx  avrd= 0.1297342D+01  gyrd= 0.9173592D+00
$nodty
 NO3xx      1                coo1= 0.1480875D+01  coo2= 0.4522352D+02  coo3= 0.0000000D+00
$tacty
 DISKx      1  color  BLUEx  byrd= 0.1297342D+01
$$$$$$
      
$bdyty
 RBDY2       51
$blmty
 PLAIN      1  behav  PLEXx  avrd= 0.1288563D+01  gyrd= 0.9111517D+00
$nodty
 NO3xx      1                coo1= 0.5871144D+02  coo2= 0.4550000D+02  coo3= 0.0000000D+00
$tacty
 DISKx      1  color  BLUEx  byrd= 0.1288563D+01
$$$$$$
      
$bdyty
 RBDY2       52
$blmty
 PLAIN      1  behav  PLEXx  avrd= 0.1445946D+01  gyrd= 0.1022439D+01
$nodty
 NO3xx      1                coo1= 0.9239143D+01  coo2= 0.4574039D+02  coo3= 0.0000000D+00
$tacty
 DISKx      1  color  BLUEx  byrd= 0.1445946D+01
$$$$$$
      
$bdyty
 RBDY2       53
$blmty
 PLAIN      1  behav  PLEXx  avrd= 0.8427249D+00  gyrd= 0.5958965D+00
$nodty
 NO3xx      1                coo1= 0.3006774D+02  coo2= 0.4454223D+02  coo3= 0.0000000D+00
$tacty
 DISKx      1  color  BLUEx  byrd= 0.8427249D+00
$$$$$$
      
$bdyty
 RBDY2       54
$blmty
 PLAIN      1  behav  PLEXx  avrd= 0.9400962D+00  gyrd= 0.6647484D+00
$nodty
 NO3xx      1                coo1= 0.2157067D+02  coo2= 0.4503801D+02  coo3= 0.0000000D+00
$tacty
 DISKx      1  color  BLUEx  byrd= 0.9400962D+00
$$$$$$
      
$bdyty
 RBDY2       55
$blmty
 PLAIN      1  behav  PLEXx  avrd= 0.1803934D+01  gyrd= 0.1275574D+01
$nodty
 NO3xx      1                coo1= 0.1888879D+02  coo2= 0.4668200D+02  coo3= 0.0000000D+00
$tacty
 DISKx      1  color  BLUEx  byrd= 0.1803934D+01
$$$$$$
      
$bdyty
 RBDY2       56
$blmty
 PLAIN      1  behav  PLEXx  avrd= 0.1403699D+01  gyrd= 0.9925653D+00
$nodty
 NO3xx      1                coo1= 0.5115362D+02  coo2= 0.4614070D+02  coo3= 0.0000000D+00
$tacty
 DISKx      1  color  BLUEx  byrd= 0.1403699D+01
$$$$$$
      
$bdyty
 RBDY2       57
$blmty
 PLAIN      1  behav  PLEXx  avrd= 0.1012393D+01  gyrd= 0.7158701D+00
$nodty
 NO3xx      1                coo1= 0.3448397D+02  coo2= 0.4570360D+02  coo3= 0.0000000D+00
$tacty
 DISKx      1  color  BLUEx  byrd= 0.1012393D+01
$$$$$$
      
$bdyty
 RBDY2       58
$blmty
 PLAIN      1  behav  PLEXx  avrd= 0.1187839D+01  gyrd= 0.8399293D+00
$nodty
 NO3xx      1                coo1= 0.1493696D+02  coo2= 0.4611865D+02  coo3= 0.0000000D+00
$tacty
 DISKx      1  color  BLUEx  byrd= 0.1187839D+01
$$$$$$
      
$bdyty
 RBDY2       59
$blmty
 PLAIN      1  behav  PLEXx  avrd= 0.1601953D+01  gyrd= 0.1132752D+01
$nodty
 NO3xx      1                coo1= 0.3789829D+02  coo2= 0.4682772D+02  coo3= 0.0000000D+00
$tacty
 DISKx      1  color  BLUEx  byrd= 0.1601953D+01
$$$$$$
      
$bdyty
 RBDY2       60
$blmty
 PLAIN      1  behav  PLEXx  avrd= 0.6904379D+00  gyrd= 0.4882134D+00
$nodty
 NO3xx      1                coo1= 0.5655304D+02  coo2= 0.4543703D+02  coo3= 0.0000000D+00
$tacty
 DISKx      1  color  BLUEx  byrd= 0.6904379D+00
$$$$$$
      
$bdyty
 RBDY2       61
$blmty
 PLAIN      1  behav  PLEXx  avrd= 0.1738424D+01  gyrd= 0.1229251D+01
$nodty
 NO3xx      1                coo1= 0.3075616D+02  coo2= 0.4702989D+02  coo3= 0.0000000D+00
$tacty
 DISKx      1  color  BLUEx  byrd= 0.1738424D+01
$$$$$$
      
$bdyty
 RBDY2       62
$blmty
 PLAIN      1  behav  PLEXx  avrd= 0.1167614D+01  gyrd= 0.8256280D+00
$nodty
 NO3xx      1                coo1= 0.4104680D+02  coo2= 0.4632921D+02  coo3= 0.0000000D+00
$tacty
 DISKx      1  color  BLUEx  byrd= 0.1167614D+01
$$$$$$
      
$bdyty
 RBDY2       63
$blmty
 PLAIN      1  behav  PLEXx  avrd= 0.8559212D+00  gyrd= 0.6052277D+00
$nodty
 NO3xx      1                coo1= 0.2620235D+02  coo2= 0.4618073D+02  coo3= 0.0000000D+00
$tacty
 DISKx      1  color  BLUEx  byrd= 0.8559212D+00
$$$$$$
      
$bdyty
 RBDY2       64
$blmty
 PLAIN      1  behav  PLEXx  avrd= 0.1701772D+01  gyrd= 0.1203335D+01
$nodty
 NO3xx      1                coo1= 0.2263844D+02  coo2= 0.4745449D+02  coo3= 0.0000000D+00
$tacty
 DISKx      1  color  BLUEx  byrd= 0.1701772D+01
$$$$$$
      
$bdyty
 RBDY2       65
$blmty
 PLAIN      1  behav  PLEXx  avrd= 0.1069142D+01  gyrd= 0.7559976D+00
$nodty
 NO3xx      1                coo1= 0.4867030D+02  coo2= 0.4666240D+02  coo3= 0.0000000D+00
$tacty
 DISKx      1  color  BLUEx  byrd= 0.1069142D+01
$$$$$$
      
$bdyty
 RBDY2       66
$blmty
 PLAIN      1  behav  PLEXx  avrd= 0.1050876D+01  gyrd= 0.7430813D+00
$nodty
 NO3xx      1                coo1= 0.1149908D+02  coo2= 0.4680191D+02  coo3= 0.0000000D+00
$tacty
 DISKx      1  color  BLUEx  byrd= 0.1050876D+01
$$$$$$
      
$bdyty
 RBDY2       67
$blmty
 PLAIN      1  behav  PLEXx  avrd= 0.1338607D+01  gyrd= 0.9465384D+00
$nodty
 NO3xx      1                coo1= 0.6994422D+01  coo2= 0.4738811D+02  coo3= 0.0000000D+00
$tacty
 DISKx      1  color  BLUEx  byrd= 0.1338607D+01
$$$$$$
      
$bdyty
 RBDY2       68
$blmty
 PLAIN      1  behav  PLEXx  avrd= 0.1678161D+01  gyrd= 0.1186639D+01
$nodty
 NO3xx      1                coo1= 0.4450865D+02  coo2= 0.4791667D+02  coo3= 0.0000000D+00
$tacty
 DISKx      1  color  BLUEx  byrd= 0.1678161D+01
$$$$$$
      
$bdyty
 RBDY2       69
$blmty
 PLAIN      1  behav  PLEXx  avrd= 0.7457676D+00  gyrd= 0.5273373D+00
$nodty
 NO3xx      1                coo1= 0.2834150D+02  coo2= 0.4644625D+02  coo3= 0.0000000D+00
$tacty
 DISKx      1  color  BLUEx  byrd= 0.7457676D+00
$$$$$$
      
$bdyty
 RBDY2       70
$blmty
 PLAIN      1  behav  PLEXx  avrd= 0.1291546D+01  gyrd= 0.9132610D+00
$nodty
 NO3xx      1                coo1= 0.3367045D+02  coo2= 0.4785913D+02  coo3= 0.0000000D+00
$tacty
 DISKx      1  color  BLUEx  byrd= 0.1291546D+01
$$$$$$
      
$bdyty
 RBDY2       71
$blmty
 PLAIN      1  behav  PLEXx  avrd= 0.5607253D+00  gyrd= 0.3964926D+00
$nodty
 NO3xx      1                coo1= 0.3574322D+02  coo2= 0.4664645D+02  coo3= 0.0000000D+00
$tacty
 DISKx      1  color  BLUEx  byrd= 0.5607253D+00
$$$$$$
      
$bdyty
 RBDY2       72
$blmty
 PLAIN      1  behav  PLEXx  avrd= 0.8789780D+00  gyrd= 0.6215313D+00
$nodty
 NO3xx      1                coo1= 0.5912102D+02  coo2= 0.4762849D+02  coo3= 0.0000000D+00
$tacty
 DISKx      1  color  BLUEx  byrd= 0.8789780D+00
$$$$$$
      
$bdyty
 RBDY2       73
$blmty
 PLAIN      1  behav  PLEXx  avrd= 0.5378133D+00  gyrd= 0.3802914D+00
$nodty
 NO3xx      1                coo1= 0.4234584D+02  coo2= 0.4743418D+02  coo3= 0.0000000D+00
$tacty
 DISKx      1  color  BLUEx  byrd= 0.5378133D+00
$$$$$$
      
$bdyty
 RBDY2       74
$blmty
 PLAIN      1  behav  TDURx  avrd= 0.1167976D+02  gyrd= 0.3733153D+02
$nodty
 NO3xx      1                coo1= 0.5000000D+02  coo2=-0.2000000D+01  coo3= 0.0000000D+00
$tacty
 JONCx      1  color  WALLx  ax1 = 0.5200000D+02  ax2 = 0.2000000D+01
$$$$$$
      
$bdyty
 RBDY2       75
$blmty
 PLAIN      1  behav  TDURx  avrd= 0.1167976D+02  gyrd= 0.3733153D+02
$nodty
 NO3xx      1                coo1= 0.5000000D+02  coo2= 0.6200000D+02  coo3= 0.0000000D+00
$tacty
 JONCx      1  color  WALLx  ax1 = 0.5200000D+02  ax2 = 0.2000000D+01
$$$$$$
      
$bdyty
 RBDY2       76
$blmty
 PLAIN      1  behav  TDURx  avrd= 0.9245936D+01  gyrd= 0.2319390D+02
$nodty
 NO3xx      1                coo1=-0.2000000D+01  coo2= 0.3000000D+02  coo3= 0.0000000D+00
$tacty
 JONCx      1  color  WALLx  ax1 = 0.3200000D+02  ax2 = 0.2000000D+01
$$$$$$
      
$bdyty
 RBDY2       77
$blmty
 PLAIN      1  behav  TDURx  avrd= 0.9245936D+01  gyrd= 0.2319390D+02
$nodty
 NO3xx      1                coo1= 0.1020000D+03  coo2= 0.3000000D+02  coo3= 0.0000000D+00
$tacty
 JONCx      1  color  WALLx  ax1 = 0.3200000D+02  ax2 = 0.2000000D+01
$$$$$$
      
!-----------------------------------------------------------------------
