! File BODIES                                                           
!                                                                       
! The symbol   '$'      preceeds a keyword used in scanning files.    
!                                                                       
! the symbol   'bdyty'  stands for 'body type data'.                
! These data are distributed according to some species.                 
!                                                                       
! the specy    'blmty'  stands for 'bulk element type data',        
! i.e. part or total bulk geometric description,                        
! and bulk behaviour laws;                                              
!                                                                       
! the specy    'nodty'  stands for 'node type data',                
! i.e. degrees of freedom data;                                         
!                                                                       
! the specy    'tacty'  stands for 'contactor type data';           
!                                                                       
! the keyword  '$$$$$$' ends a body record.                           
!                                                                       
                                                                      
$bdyty
 RBDY2        1
$blmty
 PLAIN      1  behav  PLEXx  avrd= 0.1069562D+01  gyrd= 0.7562944D+00
$nodty
 NO3xx      1                coo1= 0.5000000D+02  coo2= 0.4106956D+02  coo3= 0.0000000D+00
$tacty
 DISKx      1  color  BLEUx  byrd= 0.1069562D+01
$$$$$$
      
$bdyty
 RBDY2        2
$blmty
 PLAIN      1  behav  PLEXx  avrd= 0.5425807D+00  gyrd= 0.3836625D+00
$nodty
 NO3xx      1                coo1= 0.2450950D+02  coo2= 0.4054258D+02  coo3= 0.0000000D+00
$tacty
 DISKx      1  color  BLEUx  byrd= 0.5425807D+00
$$$$$$
      
$bdyty
 RBDY2        3
$blmty
 PLAIN      1  behav  PLEXx  avrd= 0.1393344D+01  gyrd= 0.9852427D+00
$nodty
 NO3xx      1                coo1= 0.1208194D+02  coo2= 0.4139334D+02  coo3= 0.0000000D+00
$tacty
 DISKx      1  color  BLEUx  byrd= 0.1393344D+01
$$$$$$
      
$bdyty
 RBDY2        4
$blmty
 PLAIN      1  behav  PLEXx  avrd= 0.8120470D+00  gyrd= 0.5742039D+00
$nodty
 NO3xx      1                coo1= 0.5383292D+01  coo2= 0.4081205D+02  coo3= 0.0000000D+00
$tacty
 DISKx      1  color  BLEUx  byrd= 0.8120470D+00
$$$$$$
      
$bdyty
 RBDY2        5
$blmty
 PLAIN      1  behav  PLEXx  avrd= 0.1357776D+01  gyrd= 0.9600925D+00
$nodty
 NO3xx      1                coo1= 0.2320497D+01  coo2= 0.4135778D+02  coo3= 0.0000000D+00
$tacty
 DISKx      1  color  BLEUx  byrd= 0.1357776D+01
$$$$$$
      
$bdyty
 RBDY2        6
$blmty
 PLAIN      1  behav  PLEXx  avrd= 0.1481484D+01  gyrd= 0.1047567D+01
$nodty
 NO3xx      1                coo1= 0.8392706D+01  coo2= 0.4148148D+02  coo3= 0.0000000D+00
$tacty
 DISKx      1  color  BLEUx  byrd= 0.1481484D+01
$$$$$$
      
$bdyty
 RBDY2        7
$blmty
 PLAIN      1  behav  PLEXx  avrd= 0.1085305D+01  gyrd= 0.7674263D+00
$nodty
 NO3xx      1                coo1= 0.1875806D+02  coo2= 0.4108530D+02  coo3= 0.0000000D+00
$tacty
 DISKx      1  color  BLEUx  byrd= 0.1085305D+01
$$$$$$
      
$bdyty
 RBDY2        8
$blmty
 PLAIN      1  behav  PLEXx  avrd= 0.8172083D+00  gyrd= 0.5778535D+00
$nodty
 NO3xx      1                coo1= 0.1554531D+02  coo2= 0.4081721D+02  coo3= 0.0000000D+00
$tacty
 DISKx      1  color  BLEUx  byrd= 0.8172083D+00
$$$$$$
      
$bdyty
 RBDY2        9
$blmty
 PLAIN      1  behav  PLEXx  avrd= 0.1471023D+01  gyrd= 0.1040170D+01
$nodty
 NO3xx      1                coo1= 0.2200392D+02  coo2= 0.4147102D+02  coo3= 0.0000000D+00
$tacty
 DISKx      1  color  BLEUx  byrd= 0.1471023D+01
$$$$$$
      
$bdyty
 RBDY2       10
$blmty
 PLAIN      1  behav  PLEXx  avrd= 0.8421426D+00  gyrd= 0.5954848D+00
$nodty
 NO3xx      1                coo1= 0.3698165D+02  coo2= 0.4084214D+02  coo3= 0.0000000D+00
$tacty
 DISKx      1  color  BLEUx  byrd= 0.8421426D+00
$$$$$$
      
$bdyty
 RBDY2       11
$blmty
 PLAIN      1  behav  PLEXx  avrd= 0.6357763D+00  gyrd= 0.4495618D+00
$nodty
 NO3xx      1                coo1= 0.1403402D+02  coo2= 0.4063578D+02  coo3= 0.0000000D+00
$tacty
 DISKx      1  color  BLEUx  byrd= 0.6357763D+00
$$$$$$
      
$bdyty
 RBDY2       12
$blmty
 PLAIN      1  behav  PLEXx  avrd= 0.1080184D+01  gyrd= 0.7638056D+00
$nodty
 NO3xx      1                coo1= 0.3055737D+02  coo2= 0.4108018D+02  coo3= 0.0000000D+00
$tacty
 DISKx      1  color  BLEUx  byrd= 0.1080184D+01
$$$$$$
      
$bdyty
 RBDY2       13
$blmty
 PLAIN      1  behav  PLEXx  avrd= 0.8086399D+00  gyrd= 0.5717948D+00
$nodty
 NO3xx      1                coo1= 0.2726122D+02  coo2= 0.4080864D+02  coo3= 0.0000000D+00
$tacty
 DISKx      1  color  BLEUx  byrd= 0.8086399D+00
$$$$$$
      
$bdyty
 RBDY2       14
$blmty
 PLAIN      1  behav  PLEXx  avrd= 0.1391252D+01  gyrd= 0.9837637D+00
$nodty
 NO3xx      1                coo1= 0.3391298D+02  coo2= 0.4139125D+02  coo3= 0.0000000D+00
$tacty
 DISKx      1  color  BLEUx  byrd= 0.1391252D+01
$$$$$$
      
$bdyty
 RBDY2       15
$blmty
 PLAIN      1  behav  PLEXx  avrd= 0.1508014D+01  gyrd= 0.1066327D+01
$nodty
 NO3xx      1                coo1= 0.4334775D+02  coo2= 0.4150801D+02  coo3= 0.0000000D+00
$tacty
 DISKx      1  color  BLEUx  byrd= 0.1508014D+01
$$$$$$
      
$bdyty
 RBDY2       16
$blmty
 PLAIN      1  behav  PLEXx  avrd= 0.1248169D+01  gyrd= 0.8825890D+00
$nodty
 NO3xx      1                coo1= 0.3981800D+02  coo2= 0.4124817D+02  coo3= 0.0000000D+00
$tacty
 DISKx      1  color  BLEUx  byrd= 0.1248169D+01
$$$$$$
      
$bdyty
 RBDY2       17
$blmty
 PLAIN      1  behav  PLEXx  avrd= 0.1730306D+01  gyrd= 0.1223511D+01
$nodty
 NO3xx      1                coo1= 0.4692882D+02  coo2= 0.4173031D+02  coo3= 0.0000000D+00
$tacty
 DISKx      1  color  BLEUx  byrd= 0.1730306D+01
$$$$$$
      
$bdyty
 RBDY2       18
$blmty
 PLAIN      1  behav  PLEXx  avrd= 0.1083284D+01  gyrd= 0.7659978D+00
$nodty
 NO3xx      1                coo1= 0.7553476D+02  coo2= 0.4108328D+02  coo3= 0.0000000D+00
$tacty
 DISKx      1  color  BLEUx  byrd= 0.1083284D+01
$$$$$$
      
$bdyty
 RBDY2       19
$blmty
 PLAIN      1  behav  PLEXx  avrd= 0.5873515D+00  gyrd= 0.4153202D+00
$nodty
 NO3xx      1                coo1= 0.1704609D+02  coo2= 0.4058735D+02  coo3= 0.0000000D+00
$tacty
 DISKx      1  color  BLEUx  byrd= 0.5873515D+00
$$$$$$
      
$bdyty
 RBDY2       20
$blmty
 PLAIN      1  behav  PLEXx  avrd= 0.9170288D+00  gyrd= 0.6484373D+00
$nodty
 NO3xx      1                coo1= 0.6276105D+02  coo2= 0.4091703D+02  coo3= 0.0000000D+00
$tacty
 DISKx      1  color  BLEUx  byrd= 0.9170288D+00
$$$$$$
      
$bdyty
 RBDY2       21
$blmty
 PLAIN      1  behav  PLEXx  avrd= 0.8584461D+00  gyrd= 0.6070131D+00
$nodty
 NO3xx      1                coo1= 0.5645148D+02  coo2= 0.4085845D+02  coo3= 0.0000000D+00
$tacty
 DISKx      1  color  BLEUx  byrd= 0.8584461D+00
$$$$$$
      
$bdyty
 RBDY2       22
$blmty
 PLAIN      1  behav  PLEXx  avrd= 0.9135578D+00  gyrd= 0.6459829D+00
$nodty
 NO3xx      1                coo1= 0.5332865D+02  coo2= 0.4091356D+02  coo3= 0.0000000D+00
$tacty
 DISKx      1  color  BLEUx  byrd= 0.9135578D+00
$$$$$$
      
$bdyty
 RBDY2       23
$blmty
 PLAIN      1  behav  PLEXx  avrd= 0.1691470D+01  gyrd= 0.1196050D+01
$nodty
 NO3xx      1                coo1= 0.5956582D+02  coo2= 0.4169147D+02  coo3= 0.0000000D+00
$tacty
 DISKx      1  color  BLEUx  byrd= 0.1691470D+01
$$$$$$
      
$bdyty
 RBDY2       24
$blmty
 PLAIN      1  behav  PLEXx  avrd= 0.9908002D+00  gyrd= 0.7006016D+00
$nodty
 NO3xx      1                coo1= 0.6906509D+02  coo2= 0.4099080D+02  coo3= 0.0000000D+00
$tacty
 DISKx      1  color  BLEUx  byrd= 0.9908002D+00
$$$$$$
      
$bdyty
 RBDY2       25
$blmty
 PLAIN      1  behav  PLEXx  avrd= 0.1049848D+01  gyrd= 0.7423544D+00
$nodty
 NO3xx      1                coo1= 0.6587437D+02  coo2= 0.4104985D+02  coo3= 0.0000000D+00
$tacty
 DISKx      1  color  BLEUx  byrd= 0.1049848D+01
$$$$$$
      
$bdyty
 RBDY2       26
$blmty
 PLAIN      1  behav  PLEXx  avrd= 0.1560270D+01  gyrd= 0.1103278D+01
$nodty
 NO3xx      1                coo1= 0.7224319D+02  coo2= 0.4156027D+02  coo3= 0.0000000D+00
$tacty
 DISKx      1  color  BLEUx  byrd= 0.1560270D+01
$$$$$$
      
$bdyty
 RBDY2       27
$blmty
 PLAIN      1  behav  PLEXx  avrd= 0.6919196D+00  gyrd= 0.4892611D+00
$nodty
 NO3xx      1                coo1= 0.2575007D+02  coo2= 0.4069192D+02  coo3= 0.0000000D+00
$tacty
 DISKx      1  color  BLEUx  byrd= 0.6919196D+00
$$$$$$
      
$bdyty
 RBDY2       28
$blmty
 PLAIN      1  behav  PLEXx  avrd= 0.1944868D+01  gyrd= 0.1375230D+01
$nodty
 NO3xx      1                coo1= 0.8824644D+02  coo2= 0.4194487D+02  coo3= 0.0000000D+00
$tacty
 DISKx      1  color  BLEUx  byrd= 0.1944868D+01
$$$$$$
      
$bdyty
 RBDY2       29
$blmty
 PLAIN      1  behav  PLEXx  avrd= 0.1408450D+01  gyrd= 0.9959242D+00
$nodty
 NO3xx      1                coo1= 0.8147075D+02  coo2= 0.4140845D+02  coo3= 0.0000000D+00
$tacty
 DISKx      1  color  BLEUx  byrd= 0.1408450D+01
$$$$$$
      
$bdyty
 RBDY2       30
$blmty
 PLAIN      1  behav  PLEXx  avrd= 0.1576183D+01  gyrd= 0.1114530D+01
$nodty
 NO3xx      1                coo1= 0.7831949D+02  coo2= 0.4157618D+02  coo3= 0.0000000D+00
$tacty
 DISKx      1  color  BLEUx  byrd= 0.1576183D+01
$$$$$$
      
$bdyty
 RBDY2       31
$blmty
 PLAIN      1  behav  PLEXx  avrd= 0.7610147D+00  gyrd= 0.5381186D+00
$nodty
 NO3xx      1                coo1= 0.8467731D+02  coo2= 0.4076102D+02  coo3= 0.0000000D+00
$tacty
 DISKx      1  color  BLEUx  byrd= 0.7610147D+00
$$$$$$
      
$bdyty
 RBDY2       32
$blmty
 PLAIN      1  behav  PLEXx  avrd= 0.6131545D+00  gyrd= 0.4335657D+00
$nodty
 NO3xx      1                coo1= 0.2879961D+02  coo2= 0.4061315D+02  coo3= 0.0000000D+00
$tacty
 DISKx      1  color  BLEUx  byrd= 0.6131545D+00
$$$$$$
      
$bdyty
 RBDY2       33
$blmty
 PLAIN      1  behav  PLEXx  avrd= 0.1108501D+01  gyrd= 0.7838285D+00
$nodty
 NO3xx      1                coo1= 0.9503727D+02  coo2= 0.4110850D+02  coo3= 0.0000000D+00
$tacty
 DISKx      1  color  BLEUx  byrd= 0.1108501D+01
$$$$$$
      
$bdyty
 RBDY2       34
$blmty
 PLAIN      1  behav  PLEXx  avrd= 0.1023080D+01  gyrd= 0.7234268D+00
$nodty
 NO3xx      1                coo1= 0.9198751D+02  coo2= 0.4102308D+02  coo3= 0.0000000D+00
$tacty
 DISKx      1  color  BLEUx  byrd= 0.1023080D+01
$$$$$$
      
$bdyty
 RBDY2       35
$blmty
 PLAIN      1  behav  PLEXx  avrd= 0.7392716D+00  gyrd= 0.5227439D+00
$nodty
 NO3xx      1                coo1= 0.9805425D+02  coo2= 0.4073927D+02  coo3= 0.0000000D+00
$tacty
 DISKx      1  color  BLEUx  byrd= 0.7392716D+00
$$$$$$
      
$bdyty
 RBDY2       36
$blmty
 PLAIN      1  behav  PLEXx  avrd= 0.1213687D+01  gyrd= 0.8582066D+00
$nodty
 NO3xx      1                coo1= 0.2470831D+02  coo2= 0.4228756D+02  coo3= 0.0000000D+00
$tacty
 DISKx      1  color  BLEUx  byrd= 0.1213687D+01
$$$$$$
      
$bdyty
 RBDY2       37
$blmty
 PLAIN      1  behav  PLEXx  avrd= 0.1684286D+01  gyrd= 0.1190970D+01
$nodty
 NO3xx      1                coo1= 0.5497143D+02  coo2= 0.4292604D+02  coo3= 0.0000000D+00
$tacty
 DISKx      1  color  BLEUx  byrd= 0.1684286D+01
$$$$$$
      
$bdyty
 RBDY2       38
$blmty
 PLAIN      1  behav  PLEXx  avrd= 0.1333769D+01  gyrd= 0.9431169D+00
$nodty
 NO3xx      1                coo1= 0.9701929D+02  coo2= 0.4253548D+02  coo3= 0.0000000D+00
$tacty
 DISKx      1  color  BLEUx  byrd= 0.1333769D+01
$$$$$$
      
$bdyty
 RBDY2       39
$blmty
 PLAIN      1  behav  PLEXx  avrd= 0.1452381D+01  gyrd= 0.1026989D+01
$nodty
 NO3xx      1                coo1= 0.2855349D+02  coo2= 0.4266397D+02  coo3= 0.0000000D+00
$tacty
 DISKx      1  color  BLEUx  byrd= 0.1452381D+01
$$$$$$
      
$bdyty
 RBDY2       40
$blmty
 PLAIN      1  behav  PLEXx  avrd= 0.1944128D+01  gyrd= 0.1374706D+01
$nodty
 NO3xx      1                coo1= 0.1671243D+02  coo2= 0.4331977D+02  coo3= 0.0000000D+00
$tacty
 DISKx      1  color  BLEUx  byrd= 0.1944128D+01
$$$$$$
      
$bdyty
 RBDY2       41
$blmty
 PLAIN      1  behav  PLEXx  avrd= 0.8641416D+00  gyrd= 0.6110404D+00
$nodty
 NO3xx      1                coo1= 0.5178932D+02  coo2= 0.4180275D+02  coo3= 0.0000000D+00
$tacty
 DISKx      1  color  BLEUx  byrd= 0.8641416D+00
$$$$$$
      
$bdyty
 RBDY2       42
$blmty
 PLAIN      1  behav  PLEXx  avrd= 0.8619997D+00  gyrd= 0.6095258D+00
$nodty
 NO3xx      1                coo1= 0.6419701D+02  coo2= 0.4196725D+02  coo3= 0.0000000D+00
$tacty
 DISKx      1  color  BLEUx  byrd= 0.8619997D+00
$$$$$$
      
$bdyty
 RBDY2       43
$blmty
 PLAIN      1  behav  PLEXx  avrd= 0.1081187D+01  gyrd= 0.7645144D+00
$nodty
 NO3xx      1                coo1= 0.8376967D+02  coo2= 0.4236410D+02  coo3= 0.0000000D+00
$tacty
 DISKx      1  color  BLEUx  byrd= 0.1081187D+01
$$$$$$
      
$bdyty
 RBDY2       44
$blmty
 PLAIN      1  behav  PLEXx  avrd= 0.8269377D+00  gyrd= 0.5847332D+00
$nodty
 NO3xx      1                coo1= 0.6752112D+02  coo2= 0.4195014D+02  coo3= 0.0000000D+00
$tacty
 DISKx      1  color  BLEUx  byrd= 0.8269377D+00
$$$$$$
      
$bdyty
 RBDY2       45
$blmty
 PLAIN      1  behav  PLEXx  avrd= 0.1902497D+01  gyrd= 0.1345269D+01
$nodty
 NO3xx      1                coo1= 0.4808273D+01  coo2= 0.4346499D+02  coo3= 0.0000000D+00
$tacty
 DISKx      1  color  BLEUx  byrd= 0.1902497D+01
$$$$$$
      
$bdyty
 RBDY2       46
$blmty
 PLAIN      1  behav  PLEXx  avrd= 0.6036977D+00  gyrd= 0.4268787D+00
$nodty
 NO3xx      1                coo1= 0.9939630D+02  coo2= 0.4078889D+02  coo3= 0.0000000D+00
$tacty
 DISKx      1  color  BLEUx  byrd= 0.6036977D+00
$$$$$$
      
$bdyty
 RBDY2       47
$blmty
 PLAIN      1  behav  PLEXx  avrd= 0.1722217D+01  gyrd= 0.1217791D+01
$nodty
 NO3xx      1                coo1= 0.3767949D+02  coo2= 0.4330972D+02  coo3= 0.0000000D+00
$tacty
 DISKx      1  color  BLEUx  byrd= 0.1722217D+01
$$$$$$
      
$bdyty
 RBDY2       48
$blmty
 PLAIN      1  behav  PLEXx  avrd= 0.1126273D+01  gyrd= 0.7963951D+00
$nodty
 NO3xx      1                coo1= 0.9340698D+02  coo2= 0.4263702D+02  coo3= 0.0000000D+00
$tacty
 DISKx      1  color  BLEUx  byrd= 0.1126273D+01
$$$$$$
      
$bdyty
 RBDY2       49
$blmty
 PLAIN      1  behav  PLEXx  avrd= 0.1344488D+01  gyrd= 0.9506967D+00
$nodty
 NO3xx      1                coo1= 0.6224526D+02  coo2= 0.4311894D+02  coo3= 0.0000000D+00
$tacty
 DISKx      1  color  BLEUx  byrd= 0.1344488D+01
$$$$$$
      
$bdyty
 RBDY2       50
$blmty
 PLAIN      1  behav  PLEXx  avrd= 0.1863126D+01  gyrd= 0.1317429D+01
$nodty
 NO3xx      1                coo1= 0.6964193D+02  coo2= 0.4378582D+02  coo3= 0.0000000D+00
$tacty
 DISKx      1  color  BLEUx  byrd= 0.1863126D+01
$$$$$$
      
$bdyty
 RBDY2       51
$blmty
 PLAIN      1  behav  PLEXx  avrd= 0.6467315D+00  gyrd= 0.4573082D+00
$nodty
 NO3xx      1                coo1= 0.8566087D+02  coo2= 0.4176817D+02  coo3= 0.0000000D+00
$tacty
 DISKx      1  color  BLEUx  byrd= 0.6467315D+00
$$$$$$
      
$bdyty
 RBDY2       52
$blmty
 PLAIN      1  behav  PLEXx  avrd= 0.1950764D+01  gyrd= 0.1379398D+01
$nodty
 NO3xx      1                coo1= 0.3171932D+02  coo2= 0.4391254D+02  coo3= 0.0000000D+00
$tacty
 DISKx      1  color  BLEUx  byrd= 0.1950764D+01
$$$$$$
      
$bdyty
 RBDY2       53
$blmty
 PLAIN      1  behav  PLEXx  avrd= 0.1002588D+01  gyrd= 0.7089370D+00
$nodty
 NO3xx      1                coo1= 0.1992732D+02  coo2= 0.4281508D+02  coo3= 0.0000000D+00
$tacty
 DISKx      1  color  BLEUx  byrd= 0.1002588D+01
$$$$$$
      
$bdyty
 RBDY2       54
$blmty
 PLAIN      1  behav  PLEXx  avrd= 0.1816963D+01  gyrd= 0.1284787D+01
$nodty
 NO3xx      1                coo1= 0.7471228D+02  coo2= 0.4386447D+02  coo3= 0.0000000D+00
$tacty
 DISKx      1  color  BLEUx  byrd= 0.1816963D+01
$$$$$$
      
$bdyty
 RBDY2       55
$blmty
 PLAIN      1  behav  PLEXx  avrd= 0.1874604D+01  gyrd= 0.1325545D+01
$nodty
 NO3xx      1                coo1= 0.4972855D+02  coo2= 0.4400119D+02  coo3= 0.0000000D+00
$tacty
 DISKx      1  color  BLEUx  byrd= 0.1874604D+01
$$$$$$
      
$bdyty
 RBDY2       56
$blmty
 PLAIN      1  behav  PLEXx  avrd= 0.1437377D+01  gyrd= 0.1016379D+01
$nodty
 NO3xx      1                coo1= 0.6590576D+02  coo2= 0.4353687D+02  coo3= 0.0000000D+00
$tacty
 DISKx      1  color  BLEUx  byrd= 0.1437377D+01
$$$$$$
      
$bdyty
 RBDY2       57
$blmty
 PLAIN      1  behav  PLEXx  avrd= 0.5516121D+00  gyrd= 0.3900486D+00
$nodty
 NO3xx      1                coo1= 0.3583970D+02  coo2= 0.4164121D+02  coo3= 0.0000000D+00
$tacty
 DISKx      1  color  BLEUx  byrd= 0.5516121D+00
$$$$$$
      
$bdyty
 RBDY2       58
$blmty
 PLAIN      1  behav  PLEXx  avrd= 0.1596584D+01  gyrd= 0.1128955D+01
$nodty
 NO3xx      1                coo1= 0.4119000D+02  coo2= 0.4374020D+02  coo3= 0.0000000D+00
$tacty
 DISKx      1  color  BLEUx  byrd= 0.1596584D+01
$$$$$$
      
$bdyty
 RBDY2       59
$blmty
 PLAIN      1  behav  PLEXx  avrd= 0.1099172D+01  gyrd= 0.7772320D+00
$nodty
 NO3xx      1                coo1= 0.9111677D+02  coo2= 0.4295848D+02  coo3= 0.0000000D+00
$tacty
 DISKx      1  color  BLEUx  byrd= 0.1099172D+01
$$$$$$
      
$bdyty
 RBDY2       60
$blmty
 PLAIN      1  behav  PLEXx  avrd= 0.1236901D+01  gyrd= 0.8746209D+00
$nodty
 NO3xx      1                coo1= 0.1034740D+02  coo2= 0.4337061D+02  coo3= 0.0000000D+00
$tacty
 DISKx      1  color  BLEUx  byrd= 0.1236901D+01
$$$$$$
      
$bdyty
 RBDY2       61
$blmty
 PLAIN      1  behav  PLEXx  avrd= 0.1866418D+01  gyrd= 0.1319757D+01
$nodty
 NO3xx      1                coo1= 0.8023077D+02  coo2= 0.4443949D+02  coo3= 0.0000000D+00
$tacty
 DISKx      1  color  BLEUx  byrd= 0.1866418D+01
$$$$$$
      
$bdyty
 RBDY2       62
$blmty
 PLAIN      1  behav  PLEXx  avrd= 0.1752214D+01  gyrd= 0.1239003D+01
$nodty
 NO3xx      1                coo1= 0.1316663D+02  coo2= 0.4436395D+02  coo3= 0.0000000D+00
$tacty
 DISKx      1  color  BLEUx  byrd= 0.1752214D+01
$$$$$$
      
$bdyty
 RBDY2       63
$blmty
 PLAIN      1  behav  PLEXx  avrd= 0.9992592D+00  gyrd= 0.7065830D+00
$nodty
 NO3xx      1                coo1= 0.9992592D+00  coo2= 0.4330968D+02  coo3= 0.0000000D+00
$tacty
 DISKx      1  color  BLEUx  byrd= 0.9992592D+00
$$$$$$
      
$bdyty
 RBDY2       64
$blmty
 PLAIN      1  behav  PLEXx  avrd= 0.1569570D+01  gyrd= 0.1109854D+01
$nodty
 NO3xx      1                coo1= 0.4477809D+02  coo2= 0.4423302D+02  coo3= 0.0000000D+00
$tacty
 DISKx      1  color  BLEUx  byrd= 0.1569570D+01
$$$$$$
      
$bdyty
 RBDY2       65
$blmty
 PLAIN      1  behav  PLEXx  avrd= 0.9862003D+00  gyrd= 0.6973489D+00
$nodty
 NO3xx      1                coo1= 0.8555997D+02  coo2= 0.4339798D+02  coo3= 0.0000000D+00
$tacty
 DISKx      1  color  BLEUx  byrd= 0.9862003D+00
$$$$$$
      
$bdyty
 RBDY2       66
$blmty
 PLAIN      1  behav  PLEXx  avrd= 0.1509126D+01  gyrd= 0.1067113D+01
$nodty
 NO3xx      1                coo1= 0.2289178D+02  coo2= 0.4431584D+02  coo3= 0.0000000D+00
$tacty
 DISKx      1  color  BLEUx  byrd= 0.1509126D+01
$$$$$$
      
$bdyty
 RBDY2       67
$blmty
 PLAIN      1  behav  PLEXx  avrd= 0.6026727D+00  gyrd= 0.4261540D+00
$nodty
 NO3xx      1                coo1= 0.9883236D+02  coo2= 0.4185533D+02  coo3= 0.0000000D+00
$tacty
 DISKx      1  color  BLEUx  byrd= 0.6026727D+00
$$$$$$
      
$bdyty
 RBDY2       68
$blmty
 PLAIN      1  behav  PLEXx  avrd= 0.1681645D+01  gyrd= 0.1189103D+01
$nodty
 NO3xx      1                coo1= 0.5788303D+02  coo2= 0.4461484D+02  coo3= 0.0000000D+00
$tacty
 DISKx      1  color  BLEUx  byrd= 0.1681645D+01
$$$$$$
      
$bdyty
 RBDY2       69
$blmty
 PLAIN      1  behav  PLEXx  avrd= 0.1036934D+01  gyrd= 0.7332233D+00
$nodty
 NO3xx      1                coo1= 0.3493501D+02  coo2= 0.4359387D+02  coo3= 0.0000000D+00
$tacty
 DISKx      1  color  BLEUx  byrd= 0.1036934D+01
$$$$$$
      
$bdyty
 RBDY2       70
$blmty
 PLAIN      1  behav  PLEXx  avrd= 0.1514344D+01  gyrd= 0.1070803D+01
$nodty
 NO3xx      1                coo1= 0.2625241D+02  coo2= 0.4453654D+02  coo3= 0.0000000D+00
$tacty
 DISKx      1  color  BLEUx  byrd= 0.1514344D+01
$$$$$$
      
$bdyty
 RBDY2       71
$blmty
 PLAIN      1  behav  PLEXx  avrd= 0.5687375D+00  gyrd= 0.4021581D+00
$nodty
 NO3xx      1                coo1= 0.9513295D+02  coo2= 0.4278301D+02  coo3= 0.0000000D+00
$tacty
 DISKx      1  color  BLEUx  byrd= 0.5687375D+00
$$$$$$
      
$bdyty
 RBDY2       72
$blmty
 PLAIN      1  behav  PLEXx  avrd= 0.1196126D+01  gyrd= 0.8457888D+00
$nodty
 NO3xx      1                coo1= 0.7840797D+01  coo2= 0.4410160D+02  coo3= 0.0000000D+00
$tacty
 DISKx      1  color  BLEUx  byrd= 0.1196126D+01
$$$$$$
      
$bdyty
 RBDY2       73
$blmty
 PLAIN      1  behav  PLEXx  avrd= 0.1063794D+01  gyrd= 0.7522161D+00
$nodty
 NO3xx      1                coo1= 0.9893621D+02  coo2= 0.4397553D+02  coo3= 0.0000000D+00
$tacty
 DISKx      1  color  BLEUx  byrd= 0.1063794D+01
$$$$$$
      
$bdyty
 RBDY2       74
$blmty
 PLAIN      1  behav  PLEXx  avrd= 0.1456405D+01  gyrd= 0.1029834D+01
$nodty
 NO3xx      1                coo1= 0.9483855D+02  coo2= 0.4478663D+02  coo3= 0.0000000D+00
$tacty
 DISKx      1  color  BLEUx  byrd= 0.1456405D+01
$$$$$$
      
$bdyty
 RBDY2       75
$blmty
 PLAIN      1  behav  PLEXx  avrd= 0.1838100D+01  gyrd= 0.1299733D+01
$nodty
 NO3xx      1                coo1= 0.8960362D+02  coo2= 0.4547601D+02  coo3= 0.0000000D+00
$tacty
 DISKx      1  color  BLEUx  byrd= 0.1838100D+01
$$$$$$
      
$bdyty
 RBDY2       76
$blmty
 PLAIN      1  behav  PLEXx  avrd= 0.6590887D+00  gyrd= 0.4660461D+00
$nodty
 NO3xx      1                coo1= 0.5263256D+02  coo2= 0.4307128D+02  coo3= 0.0000000D+00
$tacty
 DISKx      1  color  BLEUx  byrd= 0.6590887D+00
$$$$$$
      
$bdyty
 RBDY2       77
$blmty
 PLAIN      1  behav  PLEXx  avrd= 0.1442609D+01  gyrd= 0.1020078D+01
$nodty
 NO3xx      1                coo1= 0.8351106D+02  coo2= 0.4487461D+02  coo3= 0.0000000D+00
$tacty
 DISKx      1  color  BLEUx  byrd= 0.1442609D+01
$$$$$$
      
$bdyty
 RBDY2       78
$blmty
 PLAIN      1  behav  PLEXx  avrd= 0.1136219D+01  gyrd= 0.8034278D+00
$nodty
 NO3xx      1                coo1= 0.5290507D+02  coo2= 0.4484578D+02  coo3= 0.0000000D+00
$tacty
 DISKx      1  color  BLEUx  byrd= 0.1136219D+01
$$$$$$
      
$bdyty
 RBDY2       79
$blmty
 PLAIN      1  behav  PLEXx  avrd= 0.1786084D+01  gyrd= 0.1262952D+01
$nodty
 NO3xx      1                coo1= 0.1967077D+02  coo2= 0.4559193D+02  coo3= 0.0000000D+00
$tacty
 DISKx      1  color  BLEUx  byrd= 0.1786084D+01
$$$$$$
      
$bdyty
 RBDY2       80
$blmty
 PLAIN      1  behav  PLEXx  avrd= 0.7828468D+00  gyrd= 0.5535563D+00
$nodty
 NO3xx      1                coo1= 0.7730732D+02  coo2= 0.4370703D+02  coo3= 0.0000000D+00
$tacty
 DISKx      1  color  BLEUx  byrd= 0.7828468D+00
$$$$$$
      
$bdyty
 RBDY2       81
$blmty
 PLAIN      1  behav  PLEXx  avrd= 0.1501817D+01  gyrd= 0.1061945D+01
$nodty
 NO3xx      1                coo1= 0.6375012D+02  coo2= 0.4553489D+02  coo3= 0.0000000D+00
$tacty
 DISKx      1  color  BLEUx  byrd= 0.1501817D+01
$$$$$$
      
$bdyty
 RBDY2       82
$blmty
 PLAIN      1  behav  PLEXx  avrd= 0.1745251D+01  gyrd= 0.1234078D+01
$nodty
 NO3xx      1                coo1= 0.2045577D+01  coo2= 0.4584692D+02  coo3= 0.0000000D+00
$tacty
 DISKx      1  color  BLEUx  byrd= 0.1745251D+01
$$$$$$
      
$bdyty
 RBDY2       83
$blmty
 PLAIN      1  behav  PLEXx  avrd= 0.6740385D+00  gyrd= 0.4766172D+00
$nodty
 NO3xx      1                coo1= 0.7217908D+02  coo2= 0.4379366D+02  coo3= 0.0000000D+00
$tacty
 DISKx      1  color  BLEUx  byrd= 0.6740385D+00
$$$$$$
      
$bdyty
 RBDY2       84
$blmty
 PLAIN      1  behav  PLEXx  avrd= 0.1185898D+01  gyrd= 0.8385566D+00
$nodty
 NO3xx      1                coo1= 0.6070460D+02  coo2= 0.4512624D+02  coo3= 0.0000000D+00
$tacty
 DISKx      1  color  BLEUx  byrd= 0.1185898D+01
$$$$$$
      
$bdyty
 RBDY2       85
$blmty
 PLAIN      1  behav  PLEXx  avrd= 0.1677207D+01  gyrd= 0.1185965D+01
$nodty
 NO3xx      1                coo1= 0.3582420D+02  coo2= 0.4615823D+02  coo3= 0.0000000D+00
$tacty
 DISKx      1  color  BLEUx  byrd= 0.1677207D+01
$$$$$$
      
$bdyty
 RBDY2       86
$blmty
 PLAIN      1  behav  PLEXx  avrd= 0.5025834D+00  gyrd= 0.3553801D+00
$nodty
 NO3xx      1                coo1= 0.9239989D+02  coo2= 0.4391724D+02  coo3= 0.0000000D+00
$tacty
 DISKx      1  color  BLEUx  byrd= 0.5025834D+00
$$$$$$
      
$bdyty
 RBDY2       87
$blmty
 PLAIN      1  behav  PLEXx  avrd= 0.1786701D+01  gyrd= 0.1263388D+01
$nodty
 NO3xx      1                coo1= 0.9806177D+01  coo2= 0.4634537D+02  coo3= 0.0000000D+00
$tacty
 DISKx      1  color  BLEUx  byrd= 0.1786701D+01
$$$$$$
      
$bdyty
 RBDY2       88
$blmty
 PLAIN      1  behav  PLEXx  avrd= 0.9215636D+00  gyrd= 0.6516439D+00
$nodty
 NO3xx      1                coo1= 0.8695574D+02  coo2= 0.4469851D+02  coo3= 0.0000000D+00
$tacty
 DISKx      1  color  BLEUx  byrd= 0.9215636D+00
$$$$$$
      
$bdyty
 RBDY2       89
$blmty
 PLAIN      1  behav  PLEXx  avrd= 0.7367237D+00  gyrd= 0.5209423D+00
$nodty
 NO3xx      1                coo1= 0.4712403D+02  coo2= 0.4418960D+02  coo3= 0.0000000D+00
$tacty
 DISKx      1  color  BLEUx  byrd= 0.7367237D+00
$$$$$$
      
$bdyty
 RBDY2       90
$blmty
 PLAIN      1  behav  PLEXx  avrd= 0.1878549D+01  gyrd= 0.1328334D+01
$nodty
 NO3xx      1                coo1= 0.7216877D+02  coo2= 0.4654539D+02  coo3= 0.0000000D+00
$tacty
 DISKx      1  color  BLEUx  byrd= 0.1878549D+01
$$$$$$
      
$bdyty
 RBDY2       91
$blmty
 PLAIN      1  behav  PLEXx  avrd= 0.5241105D+00  gyrd= 0.3706021D+00
$nodty
 NO3xx      1                coo1= 0.9739434D+02  coo2= 0.4435511D+02  coo3= 0.0000000D+00
$tacty
 DISKx      1  color  BLEUx  byrd= 0.5241105D+00
$$$$$$
      
$bdyty
 RBDY2       92
$blmty
 PLAIN      1  behav  PLEXx  avrd= 0.5901445D+00  gyrd= 0.4172952D+00
$nodty
 NO3xx      1                coo1= 0.2926704D+02  coo2= 0.4457780D+02  coo3= 0.0000000D+00
$tacty
 DISKx      1  color  BLEUx  byrd= 0.5901445D+00
$$$$$$
      
$bdyty
 RBDY2       93
$blmty
 PLAIN      1  behav  PLEXx  avrd= 0.5876882D+00  gyrd= 0.4155583D+00
$nodty
 NO3xx      1                coo1= 0.6743897D+02  coo2= 0.4485981D+02  coo3= 0.0000000D+00
$tacty
 DISKx      1  color  BLEUx  byrd= 0.5876882D+00
$$$$$$
      
$bdyty
 RBDY2       94
$blmty
 PLAIN      1  behav  PLEXx  avrd= 0.8206179D+00  gyrd= 0.5802645D+00
$nodty
 NO3xx      1                coo1= 0.9260404D+02  coo2= 0.4522460D+02  coo3= 0.0000000D+00
$tacty
 DISKx      1  color  BLEUx  byrd= 0.8206179D+00
$$$$$$
      
$bdyty
 RBDY2       95
$blmty
 PLAIN      1  behav  PLEXx  avrd= 0.1175791D+01  gyrd= 0.8314100D+00
$nodty
 NO3xx      1                coo1= 0.7710980D+02  coo2= 0.4565569D+02  coo3= 0.0000000D+00
$tacty
 DISKx      1  color  BLEUx  byrd= 0.1175791D+01
$$$$$$
      
$bdyty
 RBDY2       96
$blmty
 PLAIN      1  behav  PLEXx  avrd= 0.1335870D+01  gyrd= 0.9446030D+00
$nodty
 NO3xx      1                coo1= 0.3924629D+02  coo2= 0.4593594D+02  coo3= 0.0000000D+00
$tacty
 DISKx      1  color  BLEUx  byrd= 0.1335870D+01
$$$$$$
      
$bdyty
 RBDY2       97
$blmty
 PLAIN      1  behav  PLEXx  avrd= 0.1382320D+01  gyrd= 0.9774481D+00
$nodty
 NO3xx      1                coo1= 0.5514683D+02  coo2= 0.4599364D+02  coo3= 0.0000000D+00
$tacty
 DISKx      1  color  BLEUx  byrd= 0.1382320D+01
$$$$$$
      
$bdyty
 RBDY2       98
$blmty
 PLAIN      1  behav  PLEXx  avrd= 0.1052350D+01  gyrd= 0.7441240D+00
$nodty
 NO3xx      1                coo1= 0.9793070D+02  coo2= 0.4583752D+02  coo3= 0.0000000D+00
$tacty
 DISKx      1  color  BLEUx  byrd= 0.1052350D+01
$$$$$$
      
$bdyty
 RBDY2       99
$blmty
 PLAIN      1  behav  PLEXx  avrd= 0.9374335D+00  gyrd= 0.6628656D+00
$nodty
 NO3xx      1                coo1= 0.4276412D+02  coo2= 0.4572600D+02  coo3= 0.0000000D+00
$tacty
 DISKx      1  color  BLEUx  byrd= 0.9374335D+00
$$$$$$
      
$bdyty
 RBDY2      100
$blmty
 PLAIN      1  behav  PLEXx  avrd= 0.7405085D+00  gyrd= 0.5236186D+00
$nodty
 NO3xx      1                coo1= 0.2829659D+02  coo2= 0.4548822D+02  coo3= 0.0000000D+00
$tacty
 DISKx      1  color  BLEUx  byrd= 0.7405085D+00
$$$$$$
      
$bdyty
 RBDY2      101
$blmty
 PLAIN      1  behav  PLEXx  avrd= 0.1362173D+01  gyrd= 0.9632021D+00
$nodty
 NO3xx      1                coo1= 0.4741790D+02  coo2= 0.4626782D+02  coo3= 0.0000000D+00
$tacty
 DISKx      1  color  BLEUx  byrd= 0.1362173D+01
$$$$$$
      
$bdyty
 RBDY2      102
$blmty
 PLAIN      1  behav  PLEXx  avrd= 0.1207978D+01  gyrd= 0.8541692D+00
$nodty
 NO3xx      1                coo1= 0.6483428D+01  coo2= 0.4608585D+02  coo3= 0.0000000D+00
$tacty
 DISKx      1  color  BLEUx  byrd= 0.1207978D+01
$$$$$$
      
$bdyty
 RBDY2      103
$blmty
 PLAIN      1  behav  PLEXx  avrd= 0.8194461D+00  gyrd= 0.5794359D+00
$nodty
 NO3xx      1                coo1= 0.1534935D+02  coo2= 0.4572380D+02  coo3= 0.0000000D+00
$tacty
 DISKx      1  color  BLEUx  byrd= 0.8194461D+00
$$$$$$
      
$bdyty
 RBDY2      104
$blmty
 PLAIN      1  behav  PLEXx  avrd= 0.1850677D+01  gyrd= 0.1308626D+01
$nodty
 NO3xx      1                coo1= 0.6667400D+02  coo2= 0.4717508D+02  coo3= 0.0000000D+00
$tacty
 DISKx      1  color  BLEUx  byrd= 0.1850677D+01
$$$$$$
      
$bdyty
 RBDY2      105
$blmty
 PLAIN      1  behav  PLEXx  avrd= 0.5011550D+00  gyrd= 0.3543701D+00
$nodty
 NO3xx      1                coo1= 0.3399928D+02  coo2= 0.4481458D+02  coo3= 0.0000000D+00
$tacty
 DISKx      1  color  BLEUx  byrd= 0.5011550D+00
$$$$$$
      
$bdyty
 RBDY2      106
$blmty
 PLAIN      1  behav  PLEXx  avrd= 0.9697055D+00  gyrd= 0.6856854D+00
$nodty
 NO3xx      1                coo1= 0.8562298D+02  coo2= 0.4604039D+02  coo3= 0.0000000D+00
$tacty
 DISKx      1  color  BLEUx  byrd= 0.9697055D+00
$$$$$$
      
$bdyty
 RBDY2      107
$blmty
 PLAIN      1  behav  PLEXx  avrd= 0.1536442D+01  gyrd= 0.1086429D+01
$nodty
 NO3xx      1                coo1= 0.2440088D+02  coo2= 0.4696123D+02  coo3= 0.0000000D+00
$tacty
 DISKx      1  color  BLEUx  byrd= 0.1536442D+01
$$$$$$
      
$bdyty
 RBDY2      108
$blmty
 PLAIN      1  behav  PLEXx  avrd= 0.1123746D+01  gyrd= 0.7946082D+00
$nodty
 NO3xx      1                coo1= 0.2991967D+02  coo2= 0.4640530D+02  coo3= 0.0000000D+00
$tacty
 DISKx      1  color  BLEUx  byrd= 0.1123746D+01
$$$$$$
      
$bdyty
 RBDY2      109
$blmty
 PLAIN      1  behav  PLEXx  avrd= 0.1457928D+01  gyrd= 0.1030911D+01
$nodty
 NO3xx      1                coo1= 0.5134273D+02  coo2= 0.4691670D+02  coo3= 0.0000000D+00
$tacty
 DISKx      1  color  BLEUx  byrd= 0.1457928D+01
$$$$$$
      
$bdyty
 RBDY2      110
$blmty
 PLAIN      1  behav  PLEXx  avrd= 0.1871131D+01  gyrd= 0.1323089D+01
$nodty
 NO3xx      1                coo1= 0.3262427D+02  coo2= 0.4769156D+02  coo3= 0.0000000D+00
$tacty
 DISKx      1  color  BLEUx  byrd= 0.1871131D+01
$$$$$$
      
$bdyty
 RBDY2      111
$blmty
 PLAIN      1  behav  PLEXx  avrd= 0.1069472D+01  gyrd= 0.7562307D+00
$nodty
 NO3xx      1                coo1= 0.1700896D+02  coo2= 0.4662585D+02  coo3= 0.0000000D+00
$tacty
 DISKx      1  color  BLEUx  byrd= 0.1069472D+01
$$$$$$
      
$bdyty
 RBDY2      112
$blmty
 PLAIN      1  behav  PLEXx  avrd= 0.1832641D+01  gyrd= 0.1295873D+01
$nodty
 NO3xx      1                coo1= 0.8191334D+02  coo2= 0.4773373D+02  coo3= 0.0000000D+00
$tacty
 DISKx      1  color  BLEUx  byrd= 0.1832641D+01
$$$$$$
      
$bdyty
 RBDY2      113
$blmty
 PLAIN      1  behav  PLEXx  avrd= 0.7755585D+00  gyrd= 0.5484027D+00
$nodty
 NO3xx      1                coo1= 0.4516813D+01  coo2= 0.4634439D+02  coo3= 0.0000000D+00
$tacty
 DISKx      1  color  BLEUx  byrd= 0.7755585D+00
$$$$$$
      
$bdyty
 RBDY2      114
$blmty
 PLAIN      1  behav  PLEXx  avrd= 0.1993782D+01  gyrd= 0.1409817D+01
$nodty
 NO3xx      1                coo1= 0.9340196D+02  coo2= 0.4792352D+02  coo3= 0.0000000D+00
$tacty
 DISKx      1  color  BLEUx  byrd= 0.1993782D+01
$$$$$$
      
$bdyty
 RBDY2      115
$blmty
 PLAIN      1  behav  PLEXx  avrd= 0.9484655D+00  gyrd= 0.6706664D+00
$nodty
 NO3xx      1                coo1= 0.7520033D+02  coo2= 0.4658649D+02  coo3= 0.0000000D+00
$tacty
 DISKx      1  color  BLEUx  byrd= 0.9484655D+00
$$$$$$
      
$bdyty
 RBDY2      116
$blmty
 PLAIN      1  behav  PLEXx  avrd= 0.1980255D+01  gyrd= 0.1400252D+01
$nodty
 NO3xx      1                coo1= 0.5933034D+02  coo2= 0.4797859D+02  coo3= 0.0000000D+00
$tacty
 DISKx      1  color  BLEUx  byrd= 0.1980255D+01
$$$$$$
      
$bdyty
 RBDY2      117
$blmty
 PLAIN      1  behav  PLEXx  avrd= 0.8531295D+00  gyrd= 0.6032537D+00
$nodty
 NO3xx      1                coo1= 0.6928660D+02  coo2= 0.4647874D+02  coo3= 0.0000000D+00
$tacty
 DISKx      1  color  BLEUx  byrd= 0.8531295D+00
$$$$$$
      
$bdyty
 RBDY2      118
$blmty
 PLAIN      1  behav  PLEXx  avrd= 0.9567526D+00  gyrd= 0.6765262D+00
$nodty
 NO3xx      1                coo1= 0.4437248D+02  coo2= 0.4672656D+02  coo3= 0.0000000D+00
$tacty
 DISKx      1  color  BLEUx  byrd= 0.9567526D+00
$$$$$$
      
$bdyty
 RBDY2      119
$blmty
 PLAIN      1  behav  PLEXx  avrd= 0.1772549D+01  gyrd= 0.1253381D+01
$nodty
 NO3xx      1                coo1= 0.1383210D+02  coo2= 0.4782532D+02  coo3= 0.0000000D+00
$tacty
 DISKx      1  color  BLEUx  byrd= 0.1772549D+01
$$$$$$
      
$bdyty
 RBDY2      120
$blmty
 PLAIN      1  behav  PLEXx  avrd= 0.1765429D+01  gyrd= 0.1248347D+01
$nodty
 NO3xx      1                coo1= 0.2752687D+02  coo2= 0.4802451D+02  coo3= 0.0000000D+00
$tacty
 DISKx      1  color  BLEUx  byrd= 0.1765429D+01
$$$$$$
      
$bdyty
 RBDY2      121
$blmty
 PLAIN      1  behav  PLEXx  avrd= 0.6490832D+00  gyrd= 0.4589711D+00
$nodty
 NO3xx      1                coo1= 0.4122391D+02  coo2= 0.4610648D+02  coo3= 0.0000000D+00
$tacty
 DISKx      1  color  BLEUx  byrd= 0.6490832D+00
$$$$$$
      
$bdyty
 RBDY2      122
$blmty
 PLAIN      1  behav  PLEXx  avrd= 0.1653225D+01  gyrd= 0.1169006D+01
$nodty
 NO3xx      1                coo1= 0.8727521D+02  coo2= 0.4807752D+02  coo3= 0.0000000D+00
$tacty
 DISKx      1  color  BLEUx  byrd= 0.1653225D+01
$$$$$$
      
$bdyty
 RBDY2      123
$blmty
 PLAIN      1  behav  PLEXx  avrd= 0.1781857D+01  gyrd= 0.1259963D+01
$nodty
 NO3xx      1                coo1= 0.7835017D+02  coo2= 0.4834068D+02  coo3= 0.0000000D+00
$tacty
 DISKx      1  color  BLEUx  byrd= 0.1781857D+01
$$$$$$
      
$bdyty
 RBDY2      124
$blmty
 PLAIN      1  behav  PLEXx  avrd= 0.1666272D+01  gyrd= 0.1178232D+01
$nodty
 NO3xx      1                coo1= 0.4210907D+02  coo2= 0.4824595D+02  coo3= 0.0000000D+00
$tacty
 DISKx      1  color  BLEUx  byrd= 0.1666272D+01
$$$$$$
      
$bdyty
 RBDY2      125
$blmty
 PLAIN      1  behav  PLEXx  avrd= 0.1775461D+01  gyrd= 0.1255440D+01
$nodty
 NO3xx      1                coo1= 0.9711938D+02  coo2= 0.4854644D+02  coo3= 0.0000000D+00
$tacty
 DISKx      1  color  BLEUx  byrd= 0.1775461D+01
$$$$$$
      
$bdyty
 RBDY2      126
$blmty
 PLAIN      1  behav  PLEXx  avrd= 0.6965046D+00  gyrd= 0.4925031D+00
$nodty
 NO3xx      1                coo1= 0.2203530D+02  coo2= 0.4634839D+02  coo3= 0.0000000D+00
$tacty
 DISKx      1  color  BLEUx  byrd= 0.6965046D+00
$$$$$$
      
$bdyty
 RBDY2      127
$blmty
 PLAIN      1  behav  PLEXx  avrd= 0.6231075D+00  gyrd= 0.4406035D+00
$nodty
 NO3xx      1                coo1= 0.6186447D+02  coo2= 0.4651448D+02  coo3= 0.0000000D+00
$tacty
 DISKx      1  color  BLEUx  byrd= 0.6231075D+00
$$$$$$
      
$bdyty
 RBDY2      128
$blmty
 PLAIN      1  behav  PLEXx  avrd= 0.7074142D+00  gyrd= 0.5002174D+00
$nodty
 NO3xx      1                coo1= 0.8439223D+02  coo2= 0.4717968D+02  coo3= 0.0000000D+00
$tacty
 DISKx      1  color  BLEUx  byrd= 0.7074142D+00
$$$$$$
      
$bdyty
 RBDY2      129
$blmty
 PLAIN      1  behav  PLEXx  avrd= 0.1690807D+01  gyrd= 0.1195581D+01
$nodty
 NO3xx      1                coo1= 0.6294420D+02  coo2= 0.4862412D+02  coo3= 0.0000000D+00
$tacty
 DISKx      1  color  BLEUx  byrd= 0.1690807D+01
$$$$$$
      
$bdyty
 RBDY2      130
$blmty
 PLAIN      1  behav  PLEXx  avrd= 0.9909625D+00  gyrd= 0.7007163D+00
$nodty
 NO3xx      1                coo1= 0.5362199D+02  coo2= 0.4781225D+02  coo3= 0.0000000D+00
$tacty
 DISKx      1  color  BLEUx  byrd= 0.9909625D+00
$$$$$$
      
$bdyty
 RBDY2      131
$blmty
 PLAIN      1  behav  PLEXx  avrd= 0.1315490D+01  gyrd= 0.9301918D+00
$nodty
 NO3xx      1                coo1= 0.2130982D+02  coo2= 0.4822504D+02  coo3= 0.0000000D+00
$tacty
 DISKx      1  color  BLEUx  byrd= 0.1315490D+01
$$$$$$
      
$bdyty
 RBDY2      132
$blmty
 PLAIN      1  behav  PLEXx  avrd= 0.5415516D+00  gyrd= 0.3829348D+00
$nodty
 NO3xx      1                coo1= 0.9945845D+02  coo2= 0.4629194D+02  coo3= 0.0000000D+00
$tacty
 DISKx      1  color  BLEUx  byrd= 0.5415516D+00
$$$$$$
      
$bdyty
 RBDY2      133
$blmty
 PLAIN      1  behav  PLEXx  avrd= 0.9225709D+00  gyrd= 0.6523561D+00
$nodty
 NO3xx      1                coo1= 0.3788750D+02  coo2= 0.4773989D+02  coo3= 0.0000000D+00
$tacty
 DISKx      1  color  BLEUx  byrd= 0.9225709D+00
$$$$$$
      
$bdyty
 RBDY2      134
$blmty
 PLAIN      1  behav  PLEXx  avrd= 0.8037501D+00  gyrd= 0.5683372D+00
$nodty
 NO3xx      1                coo1= 0.4916926D+02  coo2= 0.4754217D+02  coo3= 0.0000000D+00
$tacty
 DISKx      1  color  BLEUx  byrd= 0.8037501D+00
$$$$$$
      
$bdyty
 RBDY2      135
$blmty
 PLAIN      1  behav  PLEXx  avrd= 0.1045122D+01  gyrd= 0.7390131D+00
$nodty
 NO3xx      1                coo1= 0.5286173D+01  coo2= 0.4799453D+02  coo3= 0.0000000D+00
$tacty
 DISKx      1  color  BLEUx  byrd= 0.1045122D+01
$$$$$$
      
$bdyty
 RBDY2      136
$blmty
 PLAIN      1  behav  PLEXx  avrd= 0.1445961D+01  gyrd= 0.1022449D+01
$nodty
 NO3xx      1                coo1= 0.4586636D+02  coo2= 0.4860841D+02  coo3= 0.0000000D+00
$tacty
 DISKx      1  color  BLEUx  byrd= 0.1445961D+01
$$$$$$
      
$bdyty
 RBDY2      137
$blmty
 PLAIN      1  behav  PLEXx  avrd= 0.1282928D+01  gyrd= 0.9071670D+00
$nodty
 NO3xx      1                coo1= 0.1851336D+02  coo2= 0.4843433D+02  coo3= 0.0000000D+00
$tacty
 DISKx      1  color  BLEUx  byrd= 0.1282928D+01
$$$$$$
      
$bdyty
 RBDY2      138
$blmty
 PLAIN      1  behav  PLEXx  avrd= 0.1728152D+01  gyrd= 0.1221988D+01
$nodty
 NO3xx      1                coo1= 0.6966452D+02  coo2= 0.4914097D+02  coo3= 0.0000000D+00
$tacty
 DISKx      1  color  BLEUx  byrd= 0.1728152D+01
$$$$$$
      
$bdyty
 RBDY2      139
$blmty
 PLAIN      1  behav  PLEXx  avrd= 0.9345263D+00  gyrd= 0.6608099D+00
$nodty
 NO3xx      1                coo1= 0.7587992D+01  coo2= 0.4792168D+02  coo3= 0.0000000D+00
$tacty
 DISKx      1  color  BLEUx  byrd= 0.9345263D+00
$$$$$$
      
$bdyty
 RBDY2      140
$blmty
 PLAIN      1  behav  PLEXx  avrd= 0.7078752D+00  gyrd= 0.5005434D+00
$nodty
 NO3xx      1                coo1= 0.5670922D+02  coo2= 0.4738210D+02  coo3= 0.0000000D+00
$tacty
 DISKx      1  color  BLEUx  byrd= 0.7078752D+00
$$$$$$
      
$bdyty
 RBDY2      141
$blmty
 PLAIN      1  behav  PLEXx  avrd= 0.1647706D+01  gyrd= 0.1165104D+01
$nodty
 NO3xx      1                coo1= 0.7458925D+02  coo2= 0.4910972D+02  coo3= 0.0000000D+00
$tacty
 DISKx      1  color  BLEUx  byrd= 0.1647706D+01
$$$$$$
      
$bdyty
 RBDY2      142
$blmty
 PLAIN      1  behav  PLEXx  avrd= 0.5245149D+00  gyrd= 0.3708880D+00
$nodty
 NO3xx      1                coo1= 0.9903196D+02  coo2= 0.4726898D+02  coo3= 0.0000000D+00
$tacty
 DISKx      1  color  BLEUx  byrd= 0.5245149D+00
$$$$$$
      
$bdyty
 RBDY2      143
$blmty
 PLAIN      1  behav  PLEXx  avrd= 0.1540830D+01  gyrd= 0.1089531D+01
$nodty
 NO3xx      1                coo1= 0.2910950D+01  coo2= 0.4901700D+02  coo3= 0.0000000D+00
$tacty
 DISKx      1  color  BLEUx  byrd= 0.1540830D+01
$$$$$$
      
$bdyty
 RBDY2      144
$blmty
 PLAIN      1  behav  PLEXx  avrd= 0.1535215D+01  gyrd= 0.1085561D+01
$nodty
 NO3xx      1                coo1= 0.5562814D+02  coo2= 0.4934748D+02  coo3= 0.0000000D+00
$tacty
 DISKx      1  color  BLEUx  byrd= 0.1535215D+01
$$$$$$
      
$bdyty
 RBDY2      145
$blmty
 PLAIN      1  behav  PLEXx  avrd= 0.1608370D+01  gyrd= 0.1137289D+01
$nodty
 NO3xx      1                coo1= 0.3563357D+02  coo2= 0.4943827D+02  coo3= 0.0000000D+00
$tacty
 DISKx      1  color  BLEUx  byrd= 0.1608370D+01
$$$$$$
      
$bdyty
 RBDY2      146
$blmty
 PLAIN      1  behav  PLEXx  avrd= 0.7003196D+00  gyrd= 0.4952007D+00
$nodty
 NO3xx      1                coo1= 0.9071288D+02  coo2= 0.4775923D+02  coo3= 0.0000000D+00
$tacty
 DISKx      1  color  BLEUx  byrd= 0.7003196D+00
$$$$$$
      
$bdyty
 RBDY2      147
$blmty
 PLAIN      1  behav  PLEXx  avrd= 0.1727047D+01  gyrd= 0.1221207D+01
$nodty
 NO3xx      1                coo1= 0.1087276D+02  coo2= 0.4969333D+02  coo3= 0.0000000D+00
$tacty
 DISKx      1  color  BLEUx  byrd= 0.1727047D+01
$$$$$$
      
$bdyty
 RBDY2      148
$blmty
 PLAIN      1  behav  PLEXx  avrd= 0.9525331D+00  gyrd= 0.6735426D+00
$nodty
 NO3xx      1                coo1= 0.3952279D+02  coo2= 0.4865740D+02  coo3= 0.0000000D+00
$tacty
 DISKx      1  color  BLEUx  byrd= 0.9525331D+00
$$$$$$
      
$bdyty
 RBDY2      149
$blmty
 PLAIN      1  behav  PLEXx  avrd= 0.1970484D+01  gyrd= 0.1393343D+01
$nodty
 NO3xx      1                coo1= 0.5015844D+02  coo2= 0.5013406D+02  coo3= 0.0000000D+00
$tacty
 DISKx      1  color  BLEUx  byrd= 0.1970484D+01
$$$$$$
      
$bdyty
 RBDY2      150
$blmty
 PLAIN      1  behav  PLEXx  avrd= 0.6605441D+00  gyrd= 0.4670752D+00
$nodty
 NO3xx      1                coo1= 0.6605441D+00  coo2= 0.4781403D+02  coo3= 0.0000000D+00
$tacty
 DISKx      1  color  BLEUx  byrd= 0.6605441D+00
$$$$$$
      
$bdyty
 RBDY2      151
$blmty
 PLAIN      1  behav  PLEXx  avrd= 0.1104661D+01  gyrd= 0.7811133D+00
$nodty
 NO3xx      1                coo1= 0.8466605D+02  coo2= 0.4897095D+02  coo3= 0.0000000D+00
$tacty
 DISKx      1  color  BLEUx  byrd= 0.1104661D+01
$$$$$$
      
$bdyty
 RBDY2      152
$blmty
 PLAIN      1  behav  PLEXx  avrd= 0.1724514D+01  gyrd= 0.1219415D+01
$nodty
 NO3xx      1                coo1= 0.8999807D+02  coo2= 0.5007631D+02  coo3= 0.0000000D+00
$tacty
 DISKx      1  color  BLEUx  byrd= 0.1724514D+01
$$$$$$
      
$bdyty
 RBDY2      153
$blmty
 PLAIN      1  behav  PLEXx  avrd= 0.1074531D+01  gyrd= 0.7598082D+00
$nodty
 NO3xx      1                coo1= 0.3010434D+02  coo2= 0.4921698D+02  coo3= 0.0000000D+00
$tacty
 DISKx      1  color  BLEUx  byrd= 0.1074531D+01
$$$$$$
      
$bdyty
 RBDY2      154
$blmty
 PLAIN      1  behav  PLEXx  avrd= 0.5048195D+00  gyrd= 0.3569613D+00
$nodty
 NO3xx      1                coo1= 0.1610764D+02  coo2= 0.4791659D+02  coo3= 0.0000000D+00
$tacty
 DISKx      1  color  BLEUx  byrd= 0.5048195D+00
$$$$$$
      
$bdyty
 RBDY2      155
$blmty
 PLAIN      1  behav  PLEXx  avrd= 0.7170502D+00  gyrd= 0.5070311D+00
$nodty
 NO3xx      1                coo1= 0.2323138D+02  coo2= 0.4888750D+02  coo3= 0.0000000D+00
$tacty
 DISKx      1  color  BLEUx  byrd= 0.7170502D+00
$$$$$$
      
$bdyty
 RBDY2      156
$blmty
 PLAIN      1  behav  PLEXx  avrd= 0.1338511D+01  gyrd= 0.9464702D+00
$nodty
 NO3xx      1                coo1= 0.1625888D+02  coo2= 0.4977197D+02  coo3= 0.0000000D+00
$tacty
 DISKx      1  color  BLEUx  byrd= 0.1338511D+01
$$$$$$
      
$bdyty
 RBDY2      157
$blmty
 PLAIN      1  behav  PLEXx  avrd= 0.1835369D+01  gyrd= 0.1297802D+01
$nodty
 NO3xx      1                coo1= 0.6654203D+01  coo2= 0.5052943D+02  coo3= 0.0000000D+00
$tacty
 DISKx      1  color  BLEUx  byrd= 0.1835369D+01
$$$$$$
      
$bdyty
 RBDY2      158
$blmty
 PLAIN      1  behav  PLEXx  avrd= 0.1858841D+01  gyrd= 0.1314399D+01
$nodty
 NO3xx      1                coo1= 0.2507136D+02  coo2= 0.5069018D+02  coo3= 0.0000000D+00
$tacty
 DISKx      1  color  BLEUx  byrd= 0.1858841D+01
$$$$$$
      
$bdyty
 RBDY2      159
$blmty
 PLAIN      1  behav  PLEXx  avrd= 0.1790808D+01  gyrd= 0.1266292D+01
$nodty
 NO3xx      1                coo1= 0.6574264D+02  coo2= 0.5069544D+02  coo3= 0.0000000D+00
$tacty
 DISKx      1  color  BLEUx  byrd= 0.1790808D+01
$$$$$$
      
$bdyty
 RBDY2      160
$blmty
 PLAIN      1  behav  PLEXx  avrd= 0.1257381D+01  gyrd= 0.8891027D+00
$nodty
 NO3xx      1                coo1= 0.2004152D+02  coo2= 0.5046358D+02  coo3= 0.0000000D+00
$tacty
 DISKx      1  color  BLEUx  byrd= 0.1257381D+01
$$$$$$
      
$bdyty
 RBDY2      161
$blmty
 PLAIN      1  behav  PLEXx  avrd= 0.5809160D+00  gyrd= 0.4107696D+00
$nodty
 NO3xx      1                coo1= 0.5232651D+02  coo2= 0.4870249D+02  coo3= 0.0000000D+00
$tacty
 DISKx      1  color  BLEUx  byrd= 0.5809160D+00
$$$$$$
      
$bdyty
 RBDY2      162
$blmty
 PLAIN      1  behav  PLEXx  avrd= 0.6169682D+00  gyrd= 0.4362624D+00
$nodty
 NO3xx      1                coo1= 0.7200728D+02  coo2= 0.4903568D+02  coo3= 0.0000000D+00
$tacty
 DISKx      1  color  BLEUx  byrd= 0.6169682D+00
$$$$$$
      
$bdyty
 RBDY2      163
$blmty
 PLAIN      1  behav  PLEXx  avrd= 0.5477941D+00  gyrd= 0.3873490D+00
$nodty
 NO3xx      1                coo1= 0.4794044D+02  coo2= 0.4810492D+02  coo3= 0.0000000D+00
$tacty
 DISKx      1  color  BLEUx  byrd= 0.5477941D+00
$$$$$$
      
$bdyty
 RBDY2      164
$blmty
 PLAIN      1  behav  PLEXx  avrd= 0.1951086D+01  gyrd= 0.1379626D+01
$nodty
 NO3xx      1                coo1= 0.8063299D+02  coo2= 0.5129425D+02  coo3= 0.0000000D+00
$tacty
 DISKx      1  color  BLEUx  byrd= 0.1951086D+01
$$$$$$
      
$bdyty
 RBDY2      165
$blmty
 PLAIN      1  behav  PLEXx  avrd= 0.7085851D+00  gyrd= 0.5010453D+00
$nodty
 NO3xx      1                coo1= 0.3802022D+02  coo2= 0.4936564D+02  coo3= 0.0000000D+00
$tacty
 DISKx      1  color  BLEUx  byrd= 0.7085851D+00
$$$$$$
      
$bdyty
 RBDY2      166
$blmty
 PLAIN      1  behav  PLEXx  avrd= 0.1492844D+01  gyrd= 0.1055600D+01
$nodty
 NO3xx      1                coo1= 0.4393531D+02  coo2= 0.5082372D+02  coo3= 0.0000000D+00
$tacty
 DISKx      1  color  BLEUx  byrd= 0.1492844D+01
$$$$$$
      
$bdyty
 RBDY2      167
$blmty
 PLAIN      1  behav  PLEXx  avrd= 0.1034450D+01  gyrd= 0.7314668D+00
$nodty
 NO3xx      1                coo1= 0.5316589D+02  coo2= 0.5008265D+02  coo3= 0.0000000D+00
$tacty
 DISKx      1  color  BLEUx  byrd= 0.1034450D+01
$$$$$$
      
$bdyty
 RBDY2      168
$blmty
 PLAIN      1  behav  PLEXx  avrd= 0.1961839D+01  gyrd= 0.1387229D+01
$nodty
 NO3xx      1                coo1= 0.4038860D+02  coo2= 0.5144019D+02  coo3= 0.0000000D+00
$tacty
 DISKx      1  color  BLEUx  byrd= 0.1961839D+01
$$$$$$
      
$bdyty
 RBDY2      169
$blmty
 PLAIN      1  behav  PLEXx  avrd= 0.5604377D+00  gyrd= 0.3962893D+00
$nodty
 NO3xx      1                coo1= 0.9943956D+02  coo2= 0.4881691D+02  coo3= 0.0000000D+00
$tacty
 DISKx      1  color  BLEUx  byrd= 0.5604377D+00
$$$$$$
      
$bdyty
 RBDY2      170
$blmty
 PLAIN      1  behav  PLEXx  avrd= 0.8803613D+00  gyrd= 0.6225094D+00
$nodty
 NO3xx      1                coo1= 0.2229973D+02  coo2= 0.5018510D+02  coo3= 0.0000000D+00
$tacty
 DISKx      1  color  BLEUx  byrd= 0.8803613D+00
$$$$$$
      
$bdyty
 RBDY2      171
$blmty
 PLAIN      1  behav  PLEXx  avrd= 0.6100110D+00  gyrd= 0.4313429D+00
$nodty
 NO3xx      1                coo1= 0.7610493D+00  coo2= 0.4908060D+02  coo3= 0.0000000D+00
$tacty
 DISKx      1  color  BLEUx  byrd= 0.6100110D+00
$$$$$$
      
$bdyty
 RBDY2      172
$blmty
 PLAIN      1  behav  PLEXx  avrd= 0.1675591D+01  gyrd= 0.1184822D+01
$nodty
 NO3xx      1                coo1= 0.3202326D+02  coo2= 0.5118699D+02  coo3= 0.0000000D+00
$tacty
 DISKx      1  color  BLEUx  byrd= 0.1675591D+01
$$$$$$
      
$bdyty
 RBDY2      173
$blmty
 PLAIN      1  behav  PLEXx  avrd= 0.6952741D+00  gyrd= 0.4916330D+00
$nodty
 NO3xx      1                coo1= 0.8314874D+02  coo2= 0.4993921D+02  coo3= 0.0000000D+00
$tacty
 DISKx      1  color  BLEUx  byrd= 0.6952741D+00
$$$$$$
      
$bdyty
 RBDY2      174
$blmty
 PLAIN      1  behav  PLEXx  avrd= 0.1759491D+01  gyrd= 0.1244148D+01
$nodty
 NO3xx      1                coo1= 0.8627511D+02  coo2= 0.5134041D+02  coo3= 0.0000000D+00
$tacty
 DISKx      1  color  BLEUx  byrd= 0.1759491D+01
$$$$$$
      
$bdyty
 RBDY2      175
$blmty
 PLAIN      1  behav  PLEXx  avrd= 0.7263038D+00  gyrd= 0.5135744D+00
$nodty
 NO3xx      1                coo1= 0.9511169D+02  coo2= 0.5003910D+02  coo3= 0.0000000D+00
$tacty
 DISKx      1  color  BLEUx  byrd= 0.7263038D+00
$$$$$$
      
$bdyty
 RBDY2      176
$blmty
 PLAIN      1  behav  PLEXx  avrd= 0.1813820D+01  gyrd= 0.1282565D+01
$nodty
 NO3xx      1                coo1= 0.6086762D+02  coo2= 0.5144728D+02  coo3= 0.0000000D+00
$tacty
 DISKx      1  color  BLEUx  byrd= 0.1813820D+01
$$$$$$
      
$bdyty
 RBDY2      177
$blmty
 PLAIN      1  behav  PLEXx  avrd= 0.1407823D+01  gyrd= 0.9954815D+00
$nodty
 NO3xx      1                coo1= 0.1372061D+02  coo2= 0.5100374D+02  coo3= 0.0000000D+00
$tacty
 DISKx      1  color  BLEUx  byrd= 0.1407823D+01
$$$$$$
      
$bdyty
 RBDY2      178
$blmty
 PLAIN      1  behav  PLEXx  avrd= 0.1612255D+01  gyrd= 0.1140036D+01
$nodty
 NO3xx      1                coo1= 0.7219473D+02  coo2= 0.5132188D+02  coo3= 0.0000000D+00
$tacty
 DISKx      1  color  BLEUx  byrd= 0.1612255D+01
$$$$$$
      
$bdyty
 RBDY2      179
$blmty
 PLAIN      1  behav  PLEXx  avrd= 0.1816882D+01  gyrd= 0.1284730D+01
$nodty
 NO3xx      1                coo1= 0.7688721D+02  coo2= 0.5170254D+02  coo3= 0.0000000D+00
$tacty
 DISKx      1  color  BLEUx  byrd= 0.1816882D+01
$$$$$$
      
$bdyty
 RBDY2      180
$blmty
 PLAIN      1  behav  PLEXx  avrd= 0.8806922D+00  gyrd= 0.6227434D+00
$nodty
 NO3xx      1                coo1= 0.9911931D+02  coo2= 0.5029442D+02  coo3= 0.0000000D+00
$tacty
 DISKx      1  color  BLEUx  byrd= 0.8806922D+00
$$$$$$
      
$bdyty
 RBDY2      181
$blmty
 PLAIN      1  behav  PLEXx  avrd= 0.1717274D+01  gyrd= 0.1214296D+01
$nodty
 NO3xx      1                coo1= 0.2854655D+02  coo2= 0.5153376D+02  coo3= 0.0000000D+00
$tacty
 DISKx      1  color  BLEUx  byrd= 0.1717274D+01
$$$$$$
      
$bdyty
 RBDY2      182
$blmty
 PLAIN      1  behav  PLEXx  avrd= 0.1474126D+01  gyrd= 0.1042365D+01
$nodty
 NO3xx      1                coo1= 0.4692766D+02  coo2= 0.5132881D+02  coo3= 0.0000000D+00
$tacty
 DISKx      1  color  BLEUx  byrd= 0.1474126D+01
$$$$$$
      
$bdyty
 RBDY2      183
$blmty
 PLAIN      1  behav  PLEXx  avrd= 0.1107062D+01  gyrd= 0.7828112D+00
$nodty
 NO3xx      1                coo1= 0.5789184D+02  coo2= 0.5071031D+02  coo3= 0.0000000D+00
$tacty
 DISKx      1  color  BLEUx  byrd= 0.1107062D+01
$$$$$$
      
$bdyty
 RBDY2      184
$blmty
 PLAIN      1  behav  PLEXx  avrd= 0.5374117D+00  gyrd= 0.3800074D+00
$nodty
 NO3xx      1                coo1= 0.1170360D+01  coo2= 0.5015254D+02  coo3= 0.0000000D+00
$tacty
 DISKx      1  color  BLEUx  byrd= 0.5374117D+00
$$$$$$
      
$bdyty
 RBDY2      185
$blmty
 PLAIN      1  behav  PLEXx  avrd= 0.1204941D+01  gyrd= 0.8520219D+00
$nodty
 NO3xx      1                coo1= 0.9275855D+02  coo2= 0.5105686D+02  coo3= 0.0000000D+00
$tacty
 DISKx      1  color  BLEUx  byrd= 0.1204941D+01
$$$$$$
      
$bdyty
 RBDY2      186
$blmty
 PLAIN      1  behav  PLEXx  avrd= 0.1091372D+01  gyrd= 0.7717167D+00
$nodty
 NO3xx      1                coo1= 0.9639985D+02  coo2= 0.5132151D+02  coo3= 0.0000000D+00
$tacty
 DISKx      1  color  BLEUx  byrd= 0.1091372D+01
$$$$$$
      
$bdyty
 RBDY2      187
$blmty
 PLAIN      1  behav  PLEXx  avrd= 0.9786650D+00  gyrd= 0.6920207D+00
$nodty
 NO3xx      1                coo1= 0.3745259D+02  coo2= 0.5127781D+02  coo3= 0.0000000D+00
$tacty
 DISKx      1  color  BLEUx  byrd= 0.9786650D+00
$$$$$$
      
$bdyty
 RBDY2      188
$blmty
 PLAIN      1  behav  PLEXx  avrd= 0.1108041D+01  gyrd= 0.7835035D+00
$nodty
 NO3xx      1                coo1= 0.3870549D+01  coo2= 0.5148595D+02  coo3= 0.0000000D+00
$tacty
 DISKx      1  color  BLEUx  byrd= 0.1108041D+01
$$$$$$
      
$bdyty
 RBDY2      189
$blmty
 PLAIN      1  behav  PLEXx  avrd= 0.8667358D+00  gyrd= 0.6128748D+00
$nodty
 NO3xx      1                coo1= 0.1801629D+02  coo2= 0.5110413D+02  coo3= 0.0000000D+00
$tacty
 DISKx      1  color  BLEUx  byrd= 0.8667358D+00
$$$$$$
      
$bdyty
 RBDY2      190
$blmty
 PLAIN      1  behav  PLEXx  avrd= 0.1846916D+01  gyrd= 0.1305967D+01
$nodty
 NO3xx      1                coo1= 0.5461367D+02  coo2= 0.5257388D+02  coo3= 0.0000000D+00
$tacty
 DISKx      1  color  BLEUx  byrd= 0.1846916D+01
$$$$$$
      
$bdyty
 RBDY2      191
$blmty
 PLAIN      1  behav  PLEXx  avrd= 0.1925713D+01  gyrd= 0.1361684D+01
$nodty
 NO3xx      1                coo1= 0.6886778D+02  coo2= 0.5270691D+02  coo3= 0.0000000D+00
$tacty
 DISKx      1  color  BLEUx  byrd= 0.1925713D+01
$$$$$$
      
$bdyty
 RBDY2      192
$blmty
 PLAIN      1  behav  PLEXx  avrd= 0.1851566D+01  gyrd= 0.1309255D+01
$nodty
 NO3xx      1                coo1= 0.3511842D+02  coo2= 0.5287839D+02  coo3= 0.0000000D+00
$tacty
 DISKx      1  color  BLEUx  byrd= 0.1851566D+01
$$$$$$
      
$bdyty
 RBDY2      193
$blmty
 PLAIN      1  behav  PLEXx  avrd= 0.1805915D+01  gyrd= 0.1276974D+01
$nodty
 NO3xx      1                coo1= 0.2196206D+02  coo2= 0.5285007D+02  coo3= 0.0000000D+00
$tacty
 DISKx      1  color  BLEUx  byrd= 0.1805915D+01
$$$$$$
      
$bdyty
 RBDY2      194
$blmty
 PLAIN      1  behav  PLEXx  avrd= 0.8657954D+00  gyrd= 0.6122098D+00
$nodty
 NO3xx      1                coo1= 0.1901380D+01  coo2= 0.5135028D+02  coo3= 0.0000000D+00
$tacty
 DISKx      1  color  BLEUx  byrd= 0.8657954D+00
$$$$$$
      
$bdyty
 RBDY2      195
$blmty
 PLAIN      1  behav  PLEXx  avrd= 0.1543874D+01  gyrd= 0.1091684D+01
$nodty
 NO3xx      1                coo1= 0.9338549D+01  coo2= 0.5258213D+02  coo3= 0.0000000D+00
$tacty
 DISKx      1  color  BLEUx  byrd= 0.1543874D+01
$$$$$$
      
$bdyty
 RBDY2      196
$blmty
 PLAIN      1  behav  PLEXx  avrd= 0.1871212D+01  gyrd= 0.1323147D+01
$nodty
 NO3xx      1                coo1= 0.1619838D+02  coo2= 0.5315146D+02  coo3= 0.0000000D+00
$tacty
 DISKx      1  color  BLEUx  byrd= 0.1871212D+01
$$$$$$
      
$bdyty
 RBDY2      197
$blmty
 PLAIN      1  behav  PLEXx  avrd= 0.1054337D+01  gyrd= 0.7455289D+00
$nodty
 NO3xx      1                coo1= 0.8354703D+02  coo2= 0.5202976D+02  coo3= 0.0000000D+00
$tacty
 DISKx      1  color  BLEUx  byrd= 0.1054337D+01
$$$$$$
      
$bdyty
 RBDY2      198
$blmty
 PLAIN      1  behav  PLEXx  avrd= 0.1640353D+01  gyrd= 0.1159905D+01
$nodty
 NO3xx      1                coo1= 0.9835965D+02  coo2= 0.5322454D+02  coo3= 0.0000000D+00
$tacty
 DISKx      1  color  BLEUx  byrd= 0.1640353D+01
$$$$$$
      
$bdyty
 RBDY2      199
$blmty
 PLAIN      1  behav  PLEXx  avrd= 0.1726621D+01  gyrd= 0.1220905D+01
$nodty
 NO3xx      1                coo1= 0.9097768D+02  coo2= 0.5338550D+02  coo3= 0.0000000D+00
$tacty
 DISKx      1  color  BLEUx  byrd= 0.1726621D+01
$$$$$$
      
$bdyty
 RBDY2      200
$blmty
 PLAIN      1  behav  PLEXx  avrd= 0.1082588D+01  gyrd= 0.7655055D+00
$nodty
 NO3xx      1                coo1= 0.9455551D+02  coo2= 0.5247239D+02  coo3= 0.0000000D+00
$tacty
 DISKx      1  color  BLEUx  byrd= 0.1082588D+01
$$$$$$
      
$bdyty
 RBDY2      201
$blmty
 PLAIN      1  behav  PLEXx  avrd= 0.1081127D+01  gyrd= 0.7644724D+00
$nodty
 NO3xx      1                coo1= 0.6354611D+02  coo2= 0.5254564D+02  coo3= 0.0000000D+00
$tacty
 DISKx      1  color  BLEUx  byrd= 0.1081127D+01
$$$$$$
      
$bdyty
 RBDY2      202
$blmty
 PLAIN      1  behav  PLEXx  avrd= 0.1452645D+01  gyrd= 0.1027175D+01
$nodty
 NO3xx      1                coo1= 0.5814838D+02  coo2= 0.5325713D+02  coo3= 0.0000000D+00
$tacty
 DISKx      1  color  BLEUx  byrd= 0.1452645D+01
$$$$$$
      
$bdyty
 RBDY2      203
$blmty
 PLAIN      1  behav  PLEXx  avrd= 0.1464368D+01  gyrd= 0.1035465D+01
$nodty
 NO3xx      1                coo1= 0.5139216D+02  coo2= 0.5333971D+02  coo3= 0.0000000D+00
$tacty
 DISKx      1  color  BLEUx  byrd= 0.1464368D+01
$$$$$$
      
$bdyty
 RBDY2      204
$blmty
 PLAIN      1  behav  PLEXx  avrd= 0.8174154D+00  gyrd= 0.5780000D+00
$nodty
 NO3xx      1                coo1= 0.1176987D+02  coo2= 0.5207440D+02  coo3= 0.0000000D+00
$tacty
 DISKx      1  color  BLEUx  byrd= 0.8174154D+00
$$$$$$
      
$bdyty
 RBDY2      205
$blmty
 PLAIN      1  behav  PLEXx  avrd= 0.1234889D+01  gyrd= 0.8731980D+00
$nodty
 NO3xx      1                coo1= 0.7426964D+02  coo2= 0.5327149D+02  coo3= 0.0000000D+00
$tacty
 DISKx      1  color  BLEUx  byrd= 0.1234889D+01
$$$$$$
      
$bdyty
 RBDY2      206
$blmty
 PLAIN      1  behav  PLEXx  avrd= 0.1493760D+01  gyrd= 0.1056248D+01
$nodty
 NO3xx      1                coo1= 0.5380064D+01  coo2= 0.5360509D+02  coo3= 0.0000000D+00
$tacty
 DISKx      1  color  BLEUx  byrd= 0.1493760D+01
$$$$$$
      
$bdyty
 RBDY2      207
$blmty
 PLAIN      1  behav  PLEXx  avrd= 0.1667282D+01  gyrd= 0.1178946D+01
$nodty
 NO3xx      1                coo1= 0.4499106D+02  coo2= 0.5380227D+02  coo3= 0.0000000D+00
$tacty
 DISKx      1  color  BLEUx  byrd= 0.1667282D+01
$$$$$$
      
$bdyty
 RBDY2      208
$blmty
 PLAIN      1  behav  PLEXx  avrd= 0.1142294D+01  gyrd= 0.8077239D+00
$nodty
 NO3xx      1                coo1= 0.4879134D+02  coo2= 0.5316520D+02  coo3= 0.0000000D+00
$tacty
 DISKx      1  color  BLEUx  byrd= 0.1142294D+01
$$$$$$
      
$bdyty
 RBDY2      209
$blmty
 PLAIN      1  behav  PLEXx  avrd= 0.1673714D+01  gyrd= 0.1183495D+01
$nodty
 NO3xx      1                coo1= 0.2223625D+01  coo2= 0.5386927D+02  coo3= 0.0000000D+00
$tacty
 DISKx      1  color  BLEUx  byrd= 0.1673714D+01
$$$$$$
      
$bdyty
 RBDY2      210
$blmty
 PLAIN      1  behav  PLEXx  avrd= 0.1291767D+01  gyrd= 0.9134173D+00
$nodty
 NO3xx      1                coo1= 0.2633637D+02  coo2= 0.5357568D+02  coo3= 0.0000000D+00
$tacty
 DISKx      1  color  BLEUx  byrd= 0.1291767D+01
$$$$$$
      
$bdyty
 RBDY2      211
$blmty
 PLAIN      1  behav  PLEXx  avrd= 0.1993363D+01  gyrd= 0.1409521D+01
$nodty
 NO3xx      1                coo1= 0.3065125D+02  coo2= 0.5458975D+02  coo3= 0.0000000D+00
$tacty
 DISKx      1  color  BLEUx  byrd= 0.1993363D+01
$$$$$$
      
$bdyty
 RBDY2      212
$blmty
 PLAIN      1  behav  PLEXx  avrd= 0.7418095D+00  gyrd= 0.5245385D+00
$nodty
 NO3xx      1                coo1= 0.8864559D+02  coo2= 0.5213873D+02  coo3= 0.0000000D+00
$tacty
 DISKx      1  color  BLEUx  byrd= 0.7418095D+00
$$$$$$
      
$bdyty
 RBDY2      213
$blmty
 PLAIN      1  behav  PLEXx  avrd= 0.5561744D+00  gyrd= 0.3932747D+00
$nodty
 NO3xx      1                coo1= 0.1910706D+02  coo2= 0.5201785D+02  coo3= 0.0000000D+00
$tacty
 DISKx      1  color  BLEUx  byrd= 0.5561744D+00
$$$$$$
      
$bdyty
 RBDY2      214
$blmty
 PLAIN      1  behav  PLEXx  avrd= 0.5409202D+00  gyrd= 0.3824883D+00
$nodty
 NO3xx      1                coo1= 0.4268746D+02  coo2= 0.5242967D+02  coo3= 0.0000000D+00
$tacty
 DISKx      1  color  BLEUx  byrd= 0.5409202D+00
$$$$$$
      
$bdyty
 RBDY2      215
$blmty
 PLAIN      1  behav  PLEXx  avrd= 0.1319117D+01  gyrd= 0.9327569D+00
$nodty
 NO3xx      1                coo1= 0.1306874D+02  coo2= 0.5377078D+02  coo3= 0.0000000D+00
$tacty
 DISKx      1  color  BLEUx  byrd= 0.1319117D+01
$$$$$$
      
$bdyty
 RBDY2      216
$blmty
 PLAIN      1  behav  PLEXx  avrd= 0.1870676D+01  gyrd= 0.1322768D+01
$nodty
 NO3xx      1                coo1= 0.6560994D+02  coo2= 0.5465603D+02  coo3= 0.0000000D+00
$tacty
 DISKx      1  color  BLEUx  byrd= 0.1870676D+01
$$$$$$
      
$bdyty
 RBDY2      217
$blmty
 PLAIN      1  behav  PLEXx  avrd= 0.7126756D+00  gyrd= 0.5039377D+00
$nodty
 NO3xx      1                coo1= 0.3810786D+02  coo2= 0.5283706D+02  coo3= 0.0000000D+00
$tacty
 DISKx      1  color  BLEUx  byrd= 0.7126756D+00
$$$$$$
      
$bdyty
 RBDY2      218
$blmty
 PLAIN      1  behav  PLEXx  avrd= 0.1320537D+01  gyrd= 0.9337603D+00
$nodty
 NO3xx      1                coo1= 0.8779677D+02  coo2= 0.5401830D+02  coo3= 0.0000000D+00
$tacty
 DISKx      1  color  BLEUx  byrd= 0.1320537D+01
$$$$$$
      
$bdyty
 RBDY2      219
$blmty
 PLAIN      1  behav  PLEXx  avrd= 0.1540515D+01  gyrd= 0.1089309D+01
$nodty
 NO3xx      1                coo1= 0.8480921D+02  coo2= 0.5429695D+02  coo3= 0.0000000D+00
$tacty
 DISKx      1  color  BLEUx  byrd= 0.1540515D+01
$$$$$$
      
$bdyty
 RBDY2      220
$blmty
 PLAIN      1  behav  PLEXx  avrd= 0.1486015D+01  gyrd= 0.1050771D+01
$nodty
 NO3xx      1                coo1= 0.7894336D+02  coo2= 0.5428737D+02  coo3= 0.0000000D+00
$tacty
 DISKx      1  color  BLEUx  byrd= 0.1486015D+01
$$$$$$
      
$bdyty
 RBDY2      221
$blmty
 PLAIN      1  behav  PLEXx  avrd= 0.1886628D+01  gyrd= 0.1334048D+01
$nodty
 NO3xx      1                coo1= 0.6186931D+02  coo2= 0.5500957D+02  coo3= 0.0000000D+00
$tacty
 DISKx      1  color  BLEUx  byrd= 0.1886628D+01
$$$$$$
      
$bdyty
 RBDY2      222
$blmty
 PLAIN      1  behav  PLEXx  avrd= 0.9234195D+00  gyrd= 0.6529562D+00
$nodty
 NO3xx      1                coo1= 0.1930733D+02  coo2= 0.5348383D+02  coo3= 0.0000000D+00
$tacty
 DISKx      1  color  BLEUx  byrd= 0.9234195D+00
$$$$$$
      
$bdyty
 RBDY2      223
$blmty
 PLAIN      1  behav  PLEXx  avrd= 0.6212647D+00  gyrd= 0.4393005D+00
$nodty
 NO3xx      1                coo1= 0.2437910D+02  coo2= 0.5307172D+02  coo3= 0.0000000D+00
$tacty
 DISKx      1  color  BLEUx  byrd= 0.6212647D+00
$$$$$$
      
$bdyty
 RBDY2      224
$blmty
 PLAIN      1  behav  PLEXx  avrd= 0.1706637D+01  gyrd= 0.1206774D+01
$nodty
 NO3xx      1                coo1= 0.4177907D+02  coo2= 0.5483494D+02  coo3= 0.0000000D+00
$tacty
 DISKx      1  color  BLEUx  byrd= 0.1706637D+01
$$$$$$
      
$bdyty
 RBDY2      225
$blmty
 PLAIN      1  behav  PLEXx  avrd= 0.7953474D+00  gyrd= 0.5623955D+00
$nodty
 NO3xx      1                coo1= 0.8234873D+02  coo2= 0.5343881D+02  coo3= 0.0000000D+00
$tacty
 DISKx      1  color  BLEUx  byrd= 0.7953474D+00
$$$$$$
      
$bdyty
 RBDY2      226
$blmty
 PLAIN      1  behav  PLEXx  avrd= 0.1521933D+01  gyrd= 0.1076169D+01
$nodty
 NO3xx      1                coo1= 0.7180653D+02  coo2= 0.5450970D+02  coo3= 0.0000000D+00
$tacty
 DISKx      1  color  BLEUx  byrd= 0.1521933D+01
$$$$$$
      
$bdyty
 RBDY2      227
$blmty
 PLAIN      1  behav  PLEXx  avrd= 0.1747906D+01  gyrd= 0.1235956D+01
$nodty
 NO3xx      1                coo1= 0.9555224D+02  coo2= 0.5512158D+02  coo3= 0.0000000D+00
$tacty
 DISKx      1  color  BLEUx  byrd= 0.1747906D+01
$$$$$$
      
$bdyty
 RBDY2      228
$blmty
 PLAIN      1  behav  PLEXx  avrd= 0.1426444D+01  gyrd= 0.1008648D+01
$nodty
 NO3xx      1                coo1= 0.3864682D+02  coo2= 0.5490717D+02  coo3= 0.0000000D+00
$tacty
 DISKx      1  color  BLEUx  byrd= 0.1426444D+01
$$$$$$
      
$bdyty
 RBDY2      229
$blmty
 PLAIN      1  behav  PLEXx  avrd= 0.1767306D+01  gyrd= 0.1249674D+01
$nodty
 NO3xx      1                coo1= 0.7963996D+01  coo2= 0.5559452D+02  coo3= 0.0000000D+00
$tacty
 DISKx      1  color  BLEUx  byrd= 0.1767306D+01
$$$$$$
      
$bdyty
 RBDY2      230
$blmty
 PLAIN      1  behav  PLEXx  avrd= 0.1594182D+01  gyrd= 0.1127257D+01
$nodty
 NO3xx      1                coo1= 0.7608686D+02  coo2= 0.5543975D+02  coo3= 0.0000000D+00
$tacty
 DISKx      1  color  BLEUx  byrd= 0.1594182D+01
$$$$$$
      
$bdyty
 RBDY2      231
$blmty
 PLAIN      1  behav  PLEXx  avrd= 0.1102246D+01  gyrd= 0.7794055D+00
$nodty
 NO3xx      1                coo1= 0.1085461D+02  coo2= 0.5475088D+02  coo3= 0.0000000D+00
$tacty
 DISKx      1  color  BLEUx  byrd= 0.1102246D+01
$$$$$$
      
$bdyty
 RBDY2      232
$blmty
 PLAIN      1  behav  PLEXx  avrd= 0.1348134D+01  gyrd= 0.9532750D+00
$nodty
 NO3xx      1                coo1= 0.2417751D+02  coo2= 0.5509502D+02  coo3= 0.0000000D+00
$tacty
 DISKx      1  color  BLEUx  byrd= 0.1348134D+01
$$$$$$
      
$bdyty
 RBDY2      233
$blmty
 PLAIN      1  behav  PLEXx  avrd= 0.1828101D+01  gyrd= 0.1292663D+01
$nodty
 NO3xx      1                coo1= 0.5619362D+02  coo2= 0.5589194D+02  coo3= 0.0000000D+00
$tacty
 DISKx      1  color  BLEUx  byrd= 0.1828101D+01
$$$$$$
      
$bdyty
 RBDY2      234
$blmty
 PLAIN      1  behav  PLEXx  avrd= 0.5806451D+00  gyrd= 0.4105781D+00
$nodty
 NO3xx      1                coo1= 0.9327979D+02  coo2= 0.5353957D+02  coo3= 0.0000000D+00
$tacty
 DISKx      1  color  BLEUx  byrd= 0.5806451D+00
$$$$$$
      
$bdyty
 RBDY2      235
$blmty
 PLAIN      1  behav  PLEXx  avrd= 0.5273401D+00  gyrd= 0.3728857D+00
$nodty
 NO3xx      1                coo1= 0.4717462D+02  coo2= 0.5358219D+02  coo3= 0.0000000D+00
$tacty
 DISKx      1  color  BLEUx  byrd= 0.5273401D+00
$$$$$$
      
$bdyty
 RBDY2      236
$blmty
 PLAIN      1  behav  PLEXx  avrd= 0.9775605D+00  gyrd= 0.6912397D+00
$nodty
 NO3xx      1                coo1= 0.8133182D+02  coo2= 0.5489108D+02  coo3= 0.0000000D+00
$tacty
 DISKx      1  color  BLEUx  byrd= 0.9775605D+00
$$$$$$
      
$bdyty
 RBDY2      237
$blmty
 PLAIN      1  behav  PLEXx  avrd= 0.1865053D+01  gyrd= 0.1318792D+01
$nodty
 NO3xx      1                coo1= 0.4776329D+02  coo2= 0.5599137D+02  coo3= 0.0000000D+00
$tacty
 DISKx      1  color  BLEUx  byrd= 0.1865053D+01
$$$$$$
      
$bdyty
 RBDY2      238
$blmty
 PLAIN      1  behav  PLEXx  avrd= 0.1058430D+01  gyrd= 0.7484231D+00
$nodty
 NO3xx      1                coo1= 0.5319191D+02  coo2= 0.5510758D+02  coo3= 0.0000000D+00
$tacty
 DISKx      1  color  BLEUx  byrd= 0.1058430D+01
$$$$$$
      
$bdyty
 RBDY2      239
$blmty
 PLAIN      1  behav  PLEXx  avrd= 0.7858419D+00  gyrd= 0.5556741D+00
$nodty
 NO3xx      1                coo1= 0.1825652D+02  coo2= 0.5483193D+02  coo3= 0.0000000D+00
$tacty
 DISKx      1  color  BLEUx  byrd= 0.7858419D+00
$$$$$$
      
$bdyty
 RBDY2      240
$blmty
 PLAIN      1  behav  PLEXx  avrd= 0.1363148D+01  gyrd= 0.9638914D+00
$nodty
 NO3xx      1                coo1= 0.2029579D+02  coo2= 0.5554571D+02  coo3= 0.0000000D+00
$tacty
 DISKx      1  color  BLEUx  byrd= 0.1363148D+01
$$$$$$
      
$bdyty
 RBDY2      241
$blmty
 PLAIN      1  behav  PLEXx  avrd= 0.1218891D+01  gyrd= 0.8618862D+00
$nodty
 NO3xx      1                coo1= 0.3369998D+02  coo2= 0.5560158D+02  coo3= 0.0000000D+00
$tacty
 DISKx      1  color  BLEUx  byrd= 0.1218891D+01
$$$$$$
      
$bdyty
 RBDY2      242
$blmty
 PLAIN      1  behav  PLEXx  avrd= 0.1028716D+01  gyrd= 0.7274121D+00
$nodty
 NO3xx      1                coo1= 0.2774530D+02  coo2= 0.5541947D+02  coo3= 0.0000000D+00
$tacty
 DISKx      1  color  BLEUx  byrd= 0.1028716D+01
$$$$$$
      
$bdyty
 RBDY2      243
$blmty
 PLAIN      1  behav  PLEXx  avrd= 0.1941621D+01  gyrd= 0.1372933D+01
$nodty
 NO3xx      1                coo1= 0.6902323D+02  coo2= 0.5657112D+02  coo3= 0.0000000D+00
$tacty
 DISKx      1  color  BLEUx  byrd= 0.1941621D+01
$$$$$$
      
$bdyty
 RBDY2      244
$blmty
 PLAIN      1  behav  PLEXx  avrd= 0.1659512D+01  gyrd= 0.1173453D+01
$nodty
 NO3xx      1                coo1= 0.1462346D+02  coo2= 0.5631147D+02  coo3= 0.0000000D+00
$tacty
 DISKx      1  color  BLEUx  byrd= 0.1659512D+01
$$$$$$
      
$bdyty
 RBDY2      245
$blmty
 PLAIN      1  behav  PLEXx  avrd= 0.7333230D+00  gyrd= 0.5185376D+00
$nodty
 NO3xx      1                coo1= 0.9297731D+02  coo2= 0.5481825D+02  coo3= 0.0000000D+00
$tacty
 DISKx      1  color  BLEUx  byrd= 0.7333230D+00
$$$$$$
      
$bdyty
 RBDY2      246
$blmty
 PLAIN      1  behav  PLEXx  avrd= 0.1220632D+01  gyrd= 0.8631174D+00
$nodty
 NO3xx      1                coo1= 0.3614562D+02  coo2= 0.5577378D+02  coo3= 0.0000000D+00
$tacty
 DISKx      1  color  BLEUx  byrd= 0.1220632D+01
$$$$$$
      
$bdyty
 RBDY2      247
$blmty
 PLAIN      1  behav  PLEXx  avrd= 0.6193758D+00  gyrd= 0.4379648D+00
$nodty
 NO3xx      1                coo1= 0.4998232D+02  coo2= 0.5487409D+02  coo3= 0.0000000D+00
$tacty
 DISKx      1  color  BLEUx  byrd= 0.6193758D+00
$$$$$$
      
$bdyty
 RBDY2      248
$blmty
 PLAIN      1  behav  PLEXx  avrd= 0.9979196D+00  gyrd= 0.7056357D+00
$nodty
 NO3xx      1                coo1= 0.5903431D+02  coo2= 0.5554194D+02  coo3= 0.0000000D+00
$tacty
 DISKx      1  color  BLEUx  byrd= 0.9979196D+00
$$$$$$
      
$bdyty
 RBDY2      249
$blmty
 PLAIN      1  behav  PLEXx  avrd= 0.1199747D+01  gyrd= 0.8483492D+00
$nodty
 NO3xx      1                coo1= 0.8947632D+02  coo2= 0.5589738D+02  coo3= 0.0000000D+00
$tacty
 DISKx      1  color  BLEUx  byrd= 0.1199747D+01
$$$$$$
      
$bdyty
 RBDY2      250
$blmty
 PLAIN      1  behav  PLEXx  avrd= 0.1029408D+01  gyrd= 0.7279016D+00
$nodty
 NO3xx      1                coo1= 0.4122866D+01  coo2= 0.5579274D+02  coo3= 0.0000000D+00
$tacty
 DISKx      1  color  BLEUx  byrd= 0.1029408D+01
$$$$$$
      
$bdyty
 RBDY2      251
$blmty
 PLAIN      1  behav  PLEXx  avrd= 0.1754713D+01  gyrd= 0.1240769D+01
$nodty
 NO3xx      1                coo1= 0.8672625D+02  coo2= 0.5697716D+02  coo3= 0.0000000D+00
$tacty
 DISKx      1  color  BLEUx  byrd= 0.1754713D+01
$$$$$$
      
$bdyty
 RBDY2      252
$blmty
 PLAIN      1  behav  PLEXx  avrd= 0.1046207D+01  gyrd= 0.7397797D+00
$nodty
 NO3xx      1                coo1= 0.9895379D+02  coo2= 0.5584458D+02  coo3= 0.0000000D+00
$tacty
 DISKx      1  color  BLEUx  byrd= 0.1046207D+01
$$$$$$
      
$bdyty
 RBDY2      253
$blmty
 PLAIN      1  behav  PLEXx  avrd= 0.1578485D+01  gyrd= 0.1116157D+01
$nodty
 NO3xx      1                coo1= 0.5112850D+02  coo2= 0.5674942D+02  coo3= 0.0000000D+00
$tacty
 DISKx      1  color  BLEUx  byrd= 0.1578485D+01
$$$$$$
      
$bdyty
 RBDY2      254
$blmty
 PLAIN      1  behav  PLEXx  avrd= 0.1549942D+01  gyrd= 0.1095975D+01
$nodty
 NO3xx      1                coo1= 0.8299212D+02  coo2= 0.5679678D+02  coo3= 0.0000000D+00
$tacty
 DISKx      1  color  BLEUx  byrd= 0.1549942D+01
$$$$$$
      
$bdyty
 RBDY2      255
$blmty
 PLAIN      1  behav  PLEXx  avrd= 0.8481086D+00  gyrd= 0.5997034D+00
$nodty
 NO3xx      1                coo1= 0.9176708D+02  coo2= 0.5583623D+02  coo3= 0.0000000D+00
$tacty
 DISKx      1  color  BLEUx  byrd= 0.8481086D+00
$$$$$$
      
$bdyty
 RBDY2      256
$blmty
 PLAIN      1  behav  PLEXx  avrd= 0.1403585D+01  gyrd= 0.9924848D+00
$nodty
 NO3xx      1                coo1= 0.4421192D+02  coo2= 0.5677265D+02  coo3= 0.0000000D+00
$tacty
 DISKx      1  color  BLEUx  byrd= 0.1403585D+01
$$$$$$
      
$bdyty
 RBDY2      257
$blmty
 PLAIN      1  behav  PLEXx  avrd= 0.8844633D+00  gyrd= 0.6254100D+00
$nodty
 NO3xx      1                coo1= 0.7367775D+02  coo2= 0.5602274D+02  coo3= 0.0000000D+00
$tacty
 DISKx      1  color  BLEUx  byrd= 0.8844633D+00
$$$$$$
      
$bdyty
 RBDY2      258
$blmty
 PLAIN      1  behav  PLEXx  avrd= 0.6179986D+00  gyrd= 0.4369910D+00
$nodty
 NO3xx      1                coo1= 0.1702208D+02  coo2= 0.5550044D+02  coo3= 0.0000000D+00
$tacty
 DISKx      1  color  BLEUx  byrd= 0.6179986D+00
$$$$$$
      
$bdyty
 RBDY2      259
$blmty
 PLAIN      1  behav  PLEXx  avrd= 0.7006593D+00  gyrd= 0.4954409D+00
$nodty
 NO3xx      1                coo1= 0.7006593D+00  coo2= 0.5569087D+02  coo3= 0.0000000D+00
$tacty
 DISKx      1  color  BLEUx  byrd= 0.7006593D+00
$$$$$$
      
$bdyty
 RBDY2      260
$blmty
 PLAIN      1  behav  PLEXx  avrd= 0.8829724D+00  gyrd= 0.6243558D+00
$nodty
 NO3xx      1                coo1= 0.2605150D+02  coo2= 0.5630581D+02  coo3= 0.0000000D+00
$tacty
 DISKx      1  color  BLEUx  byrd= 0.8829724D+00
$$$$$$
      
$bdyty
 RBDY2      261
$blmty
 PLAIN      1  behav  PLEXx  avrd= 0.7913822D+00  gyrd= 0.5595917D+00
$nodty
 NO3xx      1                coo1= 0.1218154D+02  coo2= 0.5610183D+02  coo3= 0.0000000D+00
$tacty
 DISKx      1  color  BLEUx  byrd= 0.7913822D+00
$$$$$$
      
$bdyty
 RBDY2      262
$blmty
 PLAIN      1  behav  PLEXx  avrd= 0.1010725D+01  gyrd= 0.7146906D+00
$nodty
 NO3xx      1                coo1= 0.8013699D+02  coo2= 0.5648031D+02  coo3= 0.0000000D+00
$tacty
 DISKx      1  color  BLEUx  byrd= 0.1010725D+01
$$$$$$
      
$bdyty
 RBDY2      263
$blmty
 PLAIN      1  behav  PLEXx  avrd= 0.5060195D+00  gyrd= 0.3578098D+00
$nodty
 NO3xx      1                coo1= 0.2232376D+02  coo2= 0.5513353D+02  coo3= 0.0000000D+00
$tacty
 DISKx      1  color  BLEUx  byrd= 0.5060195D+00
$$$$$$
      
$bdyty
 RBDY2      264
$blmty
 PLAIN      1  behav  PLEXx  avrd= 0.1820526D+01  gyrd= 0.1287306D+01
$nodty
 NO3xx      1                coo1= 0.1798843D+02  coo2= 0.5773931D+02  coo3= 0.0000000D+00
$tacty
 DISKx      1  color  BLEUx  byrd= 0.1820526D+01
$$$$$$
      
$bdyty
 RBDY2      265
$blmty
 PLAIN      1  behav  PLEXx  avrd= 0.1395003D+01  gyrd= 0.9864159D+00
$nodty
 NO3xx      1                coo1= 0.2151145D+01  coo2= 0.5720344D+02  coo3= 0.0000000D+00
$tacty
 DISKx      1  color  BLEUx  byrd= 0.1395003D+01
$$$$$$
      
$bdyty
 RBDY2      266
$blmty
 PLAIN      1  behav  PLEXx  avrd= 0.1847195D+01  gyrd= 0.1306164D+01
$nodty
 NO3xx      1                coo1= 0.2254156D+02  coo2= 0.5783979D+02  coo3= 0.0000000D+00
$tacty
 DISKx      1  color  BLEUx  byrd= 0.1847195D+01
$$$$$$
      
$bdyty
 RBDY2      267
$blmty
 PLAIN      1  behav  PLEXx  avrd= 0.1355855D+01  gyrd= 0.9587345D+00
$nodty
 NO3xx      1                coo1= 0.4000831D+02  coo2= 0.5733360D+02  coo3= 0.0000000D+00
$tacty
 DISKx      1  color  BLEUx  byrd= 0.1355855D+01
$$$$$$
      
$bdyty
 RBDY2      268
$blmty
 PLAIN      1  behav  PLEXx  avrd= 0.1179546D+01  gyrd= 0.8340647D+00
$nodty
 NO3xx      1                coo1= 0.9337210D+02  coo2= 0.5707529D+02  coo3= 0.0000000D+00
$tacty
 DISKx      1  color  BLEUx  byrd= 0.1179546D+01
$$$$$$
      
$bdyty
 RBDY2      269
$blmty
 PLAIN      1  behav  PLEXx  avrd= 0.1291053D+01  gyrd= 0.9129121D+00
$nodty
 NO3xx      1                coo1= 0.1049081D+02  coo2= 0.5731754D+02  coo3= 0.0000000D+00
$tacty
 DISKx      1  color  BLEUx  byrd= 0.1291053D+01
$$$$$$
      
$bdyty
 RBDY2      270
$blmty
 PLAIN      1  behav  PLEXx  avrd= 0.6594783D+00  gyrd= 0.4663216D+00
$nodty
 NO3xx      1                coo1= 0.7817392D+02  coo2= 0.5629015D+02  coo3= 0.0000000D+00
$tacty
 DISKx      1  color  BLEUx  byrd= 0.6594783D+00
$$$$$$
      
$bdyty
 RBDY2      271
$blmty
 PLAIN      1  behav  PLEXx  avrd= 0.1104838D+01  gyrd= 0.7812384D+00
$nodty
 NO3xx      1                coo1= 0.7202341D+02  coo2= 0.5712750D+02  coo3= 0.0000000D+00
$tacty
 DISKx      1  color  BLEUx  byrd= 0.1104838D+01
$$$$$$
      
$bdyty
 RBDY2      272
$blmty
 PLAIN      1  behav  PLEXx  avrd= 0.1771557D+01  gyrd= 0.1252680D+01
$nodty
 NO3xx      1                coo1= 0.6404954D+02  coo2= 0.5794707D+02  coo3= 0.0000000D+00
$tacty
 DISKx      1  color  BLEUx  byrd= 0.1771557D+01
$$$$$$
      
$bdyty
 RBDY2      273
$blmty
 PLAIN      1  behav  PLEXx  avrd= 0.5935089D+00  gyrd= 0.4196742D+00
$nodty
 NO3xx      1                coo1= 0.5688041D+01  coo2= 0.5622180D+02  coo3= 0.0000000D+00
$tacty
 DISKx      1  color  BLEUx  byrd= 0.5935089D+00
$$$$$$
      
$bdyty
 RBDY2      274
$blmty
 PLAIN      1  behav  PLEXx  avrd= 0.5385177D+00  gyrd= 0.3807895D+00
$nodty
 NO3xx      1                coo1= 0.9746188D+02  coo2= 0.5637895D+02  coo3= 0.0000000D+00
$tacty
 DISKx      1  color  BLEUx  byrd= 0.5385177D+00
$$$$$$
      
$bdyty
 RBDY2      275
$blmty
 PLAIN      1  behav  PLEXx  avrd= 0.1351970D+01  gyrd= 0.9559872D+00
$nodty
 NO3xx      1                coo1= 0.2895224D+02  coo2= 0.5747153D+02  coo3= 0.0000000D+00
$tacty
 DISKx      1  color  BLEUx  byrd= 0.1351970D+01
$$$$$$
      
$bdyty
 RBDY2      276
$blmty
 PLAIN      1  behav  PLEXx  avrd= 0.1486952D+01  gyrd= 0.1051434D+01
$nodty
 NO3xx      1                coo1= 0.3207531D+02  coo2= 0.5776538D+02  coo3= 0.0000000D+00
$tacty
 DISKx      1  color  BLEUx  byrd= 0.1486952D+01
$$$$$$
      
$bdyty
 RBDY2      277
$blmty
 PLAIN      1  behav  PLEXx  avrd= 0.1303838D+01  gyrd= 0.9219528D+00
$nodty
 NO3xx      1                coo1= 0.6003060D+02  coo2= 0.5761691D+02  coo3= 0.0000000D+00
$tacty
 DISKx      1  color  BLEUx  byrd= 0.1303838D+01
$$$$$$
      
$bdyty
 RBDY2      278
$blmty
 PLAIN      1  behav  PLEXx  avrd= 0.5717113D+00  gyrd= 0.4042610D+00
$nodty
 NO3xx      1                coo1= 0.5389417D+02  coo2= 0.5657870D+02  coo3= 0.0000000D+00
$tacty
 DISKx      1  color  BLEUx  byrd= 0.5717113D+00
$$$$$$
      
$bdyty
 RBDY2      279
$blmty
 PLAIN      1  behav  PLEXx  avrd= 0.5866627D+00  gyrd= 0.4148332D+00
$nodty
 NO3xx      1                coo1= 0.3770544D+02  coo2= 0.5668661D+02  coo3= 0.0000000D+00
$tacty
 DISKx      1  color  BLEUx  byrd= 0.5866627D+00
$$$$$$
      
$bdyty
 RBDY2      280
$blmty
 PLAIN      1  behav  PLEXx  avrd= 0.8807320D+00  gyrd= 0.6227716D+00
$nodty
 NO3xx      1                coo1= 0.9095399D+02  coo2= 0.5736193D+02  coo3= 0.0000000D+00
$tacty
 DISKx      1  color  BLEUx  byrd= 0.8807320D+00
$$$$$$
      
$bdyty
 RBDY2      281
$blmty
 PLAIN      1  behav  PLEXx  avrd= 0.7076886D+00  gyrd= 0.5004114D+00
$nodty
 NO3xx      1                coo1= 0.6642752D+02  coo2= 0.5710133D+02  coo3= 0.0000000D+00
$tacty
 DISKx      1  color  BLEUx  byrd= 0.7076886D+00
$$$$$$
      
$bdyty
 RBDY2      282
$blmty
 PLAIN      1  behav  PLEXx  avrd= 0.6270574D+00  gyrd= 0.4433965D+00
$nodty
 NO3xx      1                coo1= 0.3482447D+02  coo2= 0.5706549D+02  coo3= 0.0000000D+00
$tacty
 DISKx      1  color  BLEUx  byrd= 0.6270574D+00
$$$$$$
      
$bdyty
 RBDY2      283
$blmty
 PLAIN      1  behav  PLEXx  avrd= 0.5805548D+00  gyrd= 0.4105142D+00
$nodty
 NO3xx      1                coo1= 0.4225064D+02  coo2= 0.5707299D+02  coo3= 0.0000000D+00
$tacty
 DISKx      1  color  BLEUx  byrd= 0.5805548D+00
$$$$$$
      
$bdyty
 RBDY2      284
$blmty
 PLAIN      1  behav  PLEXx  avrd= 0.8705499D+00  gyrd= 0.6155717D+00
$nodty
 NO3xx      1                coo1= 0.9912945D+02  coo2= 0.5775327D+02  coo3= 0.0000000D+00
$tacty
 DISKx      1  color  BLEUx  byrd= 0.8705499D+00
$$$$$$
      
$bdyty
 RBDY2      285
$blmty
 PLAIN      1  behav  PLEXx  avrd= 0.6456141D+00  gyrd= 0.4565181D+00
$nodty
 NO3xx      1                coo1= 0.5808558D+02  coo2= 0.5748560D+02  coo3= 0.0000000D+00
$tacty
 DISKx      1  color  BLEUx  byrd= 0.6456141D+00
$$$$$$
      
$bdyty
 RBDY2      286
$blmty
 PLAIN      1  behav  TDURx  avrd= 0.1167976D+02  gyrd= 0.3733153D+02
$nodty
 NO3xx      1                coo1= 0.5000000D+02  coo2=-0.2000000D+01  coo3= 0.0000000D+00
$tacty
 JONCx      1  color  WALLx  ax1 = 0.5200000D+02  ax2 = 0.2000000D+01
$$$$$$
      
$bdyty
 RBDY2      287
$blmty
 PLAIN      1  behav  TDURx  avrd= 0.1167976D+02  gyrd= 0.3733153D+02
$nodty
 NO3xx      1                coo1= 0.5000000D+02  coo2= 0.6200000D+02  coo3= 0.0000000D+00
$tacty
 JONCx      1  color  WALLx  ax1 = 0.5200000D+02  ax2 = 0.2000000D+01
$$$$$$
      
$bdyty
 RBDY2      288
$blmty
 PLAIN      1  behav  TDURx  avrd= 0.9245936D+01  gyrd= 0.2319390D+02
$nodty
 NO3xx      1                coo1=-0.2000000D+01  coo2= 0.3000000D+02  coo3= 0.0000000D+00
$tacty
 JONCx      1  color  WALLx  ax1 = 0.3200000D+02  ax2 = 0.2000000D+01
$$$$$$
      
$bdyty
 RBDY2      289
$blmty
 PLAIN      1  behav  TDURx  avrd= 0.9245936D+01  gyrd= 0.2319390D+02
$nodty
 NO3xx      1                coo1= 0.1020000D+03  coo2= 0.3000000D+02  coo3= 0.0000000D+00
$tacty
 JONCx      1  color  WALLx  ax1 = 0.3200000D+02  ax2 = 0.2000000D+01
$$$$$$
      
!-----------------------------------------------------------------------
