Internal timers: 
================ 
                          Elapsed time  :  Elapsed ratio :
 
 - [RBDY2] comp mass      0.0000000D+00 s          0.00 %
 - [RBDY2] comp Fext      0.4687500D-01 s          0.17 %
 - [RBDY2] comp bulk      0.0000000D+00 s          0.00 %
 - [RBDY2] comp Free V    0.1562500D-01 s          0.06 %
 - [DKJCx] select         0.5156250D+00 s          1.89 %
 - [DKDKx] select         0.8593750D+00 s          3.15 %
 - [inter_2D] recup       0.6250000D-01 s          0.23 %
 - [NLGS2] prep           0.7031250D+00 s          2.58 %
 - [NLGS2] iter           0.1203125D+01 s          4.42 %
 - [NLGS2] check          0.1718750D+00 s          0.63 %
 - [NLGS2] post           0.4687500D-01 s          0.17 %
 - [inter_2D] stock       0.4843750D+00 s          1.78 %
 - [RBDY2] comp dof       0.1562500D-01 s          0.06 %
 - [RBDY2] update dof     0.0000000D+00 s          0.00 %
                         -----------------       ---------
  Accounted time          0.4125000D+01 s         15.14 %
  Total elapsed time      0.2725000D+02
 
 
