! File BODIES                                                           
!                                                                       
! The symbol   '$'      preceeds a keyword used in scanning files.    
!                                                                       
! the symbol   'bdyty'  stands for 'body type data'.                
! These data are distributed according to some species.                 
!                                                                       
! the specy    'blmty'  stands for 'bulk element type data',        
! i.e. part or total bulk geometric description,                        
! and bulk behaviour laws;                                              
!                                                                       
! the specy    'nodty'  stands for 'node type data',                
! i.e. degrees of freedom data;                                         
!                                                                       
! the specy    'tacty'  stands for 'contactor type data';           
!                                                                       
! the keyword  '$$$$$$' ends a body record.                           
!                                                                       
                                                                      
$bdyty
 RBDY2        1
$blmty
 PLAIN      1  behav  PLEXx  avrd= 0.9232881D+00  gyrd= 0.6583805D+00
$nodty
 NO3xx      1                coo1= 0.3750000D+02  coo2= 0.4106130D+02  coo3= 0.0000000D+00
$tacty
 POLYG      1  color  BLUEx  nb_vertex=      5
                             coo1= 0.1061302D+01  coo2=-0.2763724D-16
                             coo1= 0.3279604D+00  coo2= 0.1009358D+01
                             coo1=-0.8586114D+00  coo2= 0.6238177D+00
                             coo1=-0.8586114D+00  coo2=-0.6238177D+00
                             coo1= 0.3279604D+00  coo2=-0.1009358D+01
$$$$$$
      
$bdyty
 RBDY2        2
$blmty
 PLAIN      1  behav  PLEXx  avrd= 0.1859855D+01  gyrd= 0.1326230D+01
$nodty
 NO3xx      1                coo1= 0.1831264D+02  coo2= 0.4213787D+02  coo3= 0.0000000D+00
$tacty
 POLYG      1  color  BLUEx  nb_vertex=      5
                             coo1= 0.2137868D+01  coo2= 0.8173201D-16
                             coo1= 0.6606375D+00  coo2= 0.2033233D+01
                             coo1=-0.1729571D+01  coo2= 0.1256607D+01
                             coo1=-0.1729571D+01  coo2=-0.1256607D+01
                             coo1= 0.6606375D+00  coo2=-0.2033233D+01
$$$$$$
      
$bdyty
 RBDY2        3
$blmty
 PLAIN      1  behav  PLEXx  avrd= 0.2042085D+01  gyrd= 0.1456174D+01
$nodty
 NO3xx      1                coo1= 0.8089833D+01  coo2= 0.4234734D+02  coo3= 0.0000000D+00
$tacty
 POLYG      1  color  BLUEx  nb_vertex=      5
                             coo1= 0.2347337D+01  coo2=-0.1581902D-15
                             coo1= 0.7253671D+00  coo2= 0.2232450D+01
                             coo1=-0.1899036D+01  coo2= 0.1379730D+01
                             coo1=-0.1899036D+01  coo2=-0.1379730D+01
                             coo1= 0.7253671D+00  coo2=-0.2232450D+01
$$$$$$
      
$bdyty
 RBDY2        4
$blmty
 PLAIN      1  behav  PLEXx  avrd= 0.1546414D+01  gyrd= 0.1102721D+01
$nodty
 NO3xx      1                coo1= 0.2891017D+01  coo2= 0.4177757D+02  coo3= 0.0000000D+00
$tacty
 POLYG      1  color  BLUEx  nb_vertex=      5
                             coo1= 0.1777574D+01  coo2= 0.0000000D+00
                             coo1= 0.5493004D+00  coo2= 0.1690573D+01
                             coo1=-0.1438087D+01  coo2= 0.1044831D+01
                             coo1=-0.1438087D+01  coo2=-0.1044831D+01
                             coo1= 0.5493004D+00  coo2=-0.1690573D+01
$$$$$$
      
$bdyty
 RBDY2        5
$blmty
 PLAIN      1  behav  PLEXx  avrd= 0.1731610D+01  gyrd= 0.1234781D+01
$nodty
 NO3xx      1                coo1= 0.1329993D+02  coo2= 0.4199045D+02  coo3= 0.0000000D+00
$tacty
 POLYG      1  color  BLUEx  nb_vertex=      5
                             coo1= 0.1990453D+01  coo2=-0.1571443D-16
                             coo1= 0.6150838D+00  coo2= 0.1893033D+01
                             coo1=-0.1610310D+01  coo2= 0.1169959D+01
                             coo1=-0.1610310D+01  coo2=-0.1169959D+01
                             coo1= 0.6150838D+00  coo2=-0.1893033D+01
$$$$$$
      
$bdyty
 RBDY2        6
$blmty
 PLAIN      1  behav  PLEXx  avrd= 0.1802852D+01  gyrd= 0.1285582D+01
$nodty
 NO3xx      1                coo1= 0.2852814D+02  coo2= 0.4207234D+02  coo3= 0.0000000D+00
$tacty
 POLYG      1  color  BLUEx  nb_vertex=      5
                             coo1= 0.2072344D+01  coo2=-0.2899405D-16
                             coo1= 0.6403896D+00  coo2= 0.1970916D+01
                             coo1=-0.1676562D+01  coo2= 0.1218093D+01
                             coo1=-0.1676562D+01  coo2=-0.1218093D+01
                             coo1= 0.6403896D+00  coo2=-0.1970916D+01
$$$$$$
      
$bdyty
 RBDY2        7
$blmty
 PLAIN      1  behav  PLEXx  avrd= 0.1212062D+01  gyrd= 0.8643003D+00
$nodty
 NO3xx      1                coo1= 0.2344704D+02  coo2= 0.4139324D+02  coo3= 0.0000000D+00
$tacty
 POLYG      1  color  BLUEx  nb_vertex=      5
                             coo1= 0.1393243D+01  coo2= 0.1954833D-24
                             coo1= 0.4305356D+00  coo2= 0.1325052D+01
                             coo1=-0.1127157D+01  coo2= 0.8189274D+00
                             coo1=-0.1127157D+01  coo2=-0.8189274D+00
                             coo1= 0.4305356D+00  coo2=-0.1325052D+01
$$$$$$
      
$bdyty
 RBDY2        8
$blmty
 PLAIN      1  behav  PLEXx  avrd= 0.1484337D+01  gyrd= 0.1058455D+01
$nodty
 NO3xx      1                coo1= 0.3354880D+02  coo2= 0.4170622D+02  coo3= 0.0000000D+00
$tacty
 POLYG      1  color  BLUEx  nb_vertex=      5
                             coo1= 0.1706217D+01  coo2=-0.6415868D-16
                             coo1= 0.5272500D+00  coo2= 0.1622709D+01
                             coo1=-0.1380358D+01  coo2= 0.1002889D+01
                             coo1=-0.1380358D+01  coo2=-0.1002889D+01
                             coo1= 0.5272500D+00  coo2=-0.1622709D+01
$$$$$$
      
$bdyty
 RBDY2        9
$blmty
 PLAIN      1  behav  PLEXx  avrd= 0.2092698D+01  gyrd= 0.1492266D+01
$nodty
 NO3xx      1                coo1= 0.5664505D+02  coo2= 0.4240552D+02  coo3= 0.0000000D+00
$tacty
 POLYG      1  color  BLUEx  nb_vertex=      5
                             coo1= 0.2405516D+01  coo2=-0.1721496D-15
                             coo1= 0.7433454D+00  coo2= 0.2287782D+01
                             coo1=-0.1946103D+01  coo2= 0.1413927D+01
                             coo1=-0.1946103D+01  coo2=-0.1413927D+01
                             coo1= 0.7433454D+00  coo2=-0.2287782D+01
$$$$$$
      
$bdyty
 RBDY2       10
$blmty
 PLAIN      1  behav  PLEXx  avrd= 0.1219482D+01  gyrd= 0.8695912D+00
$nodty
 NO3xx      1                coo1= 0.4645594D+02  coo2= 0.4140177D+02  coo3= 0.0000000D+00
$tacty
 POLYG      1  color  BLUEx  nb_vertex=      5
                             coo1= 0.1401771D+01  coo2= 0.1584230D-16
                             coo1= 0.4331712D+00  coo2= 0.1333164D+01
                             coo1=-0.1134057D+01  coo2= 0.8239406D+00
                             coo1=-0.1134057D+01  coo2=-0.8239406D+00
                             coo1= 0.4331712D+00  coo2=-0.1333164D+01
$$$$$$
      
$bdyty
 RBDY2       11
$blmty
 PLAIN      1  behav  PLEXx  avrd= 0.1468300D+01  gyrd= 0.1047019D+01
$nodty
 NO3xx      1                coo1= 0.4177820D+02  coo2= 0.4168778D+02  coo3= 0.0000000D+00
$tacty
 POLYG      1  color  BLUEx  nb_vertex=      5
                             coo1= 0.1687783D+01  coo2=-0.6556779D-16
                             coo1= 0.5215537D+00  coo2= 0.1605177D+01
                             coo1=-0.1365445D+01  coo2= 0.9920541D+00
                             coo1=-0.1365445D+01  coo2=-0.9920541D+00
                             coo1= 0.5215537D+00  coo2=-0.1605177D+01
$$$$$$
      
$bdyty
 RBDY2       12
$blmty
 PLAIN      1  behav  PLEXx  avrd= 0.2087773D+01  gyrd= 0.1488754D+01
$nodty
 NO3xx      1                coo1= 0.5098194D+02  coo2= 0.4239986D+02  coo3= 0.0000000D+00
$tacty
 POLYG      1  color  BLUEx  nb_vertex=      5
                             coo1= 0.2399855D+01  coo2= 0.2162034D-16
                             coo1= 0.7415960D+00  coo2= 0.2282398D+01
                             coo1=-0.1941524D+01  coo2= 0.1410600D+01
                             coo1=-0.1941524D+01  coo2=-0.1410600D+01
                             coo1= 0.7415960D+00  coo2=-0.2282398D+01
$$$$$$
      
$bdyty
 RBDY2       13
$blmty
 PLAIN      1  behav  PLEXx  avrd= 0.1115340D+01  gyrd= 0.7953294D+00
$nodty
 NO3xx      1                coo1= 0.6693763D+02  coo2= 0.4128206D+02  coo3= 0.0000000D+00
$tacty
 POLYG      1  color  BLUEx  nb_vertex=      5
                             coo1= 0.1282062D+01  coo2= 0.4734722D-16
                             coo1= 0.3961790D+00  coo2= 0.1219314D+01
                             coo1=-0.1037210D+01  coo2= 0.7535772D+00
                             coo1=-0.1037210D+01  coo2=-0.7535772D+00
                             coo1= 0.3961790D+00  coo2=-0.1219314D+01
$$$$$$
      
$bdyty
 RBDY2       14
$blmty
 PLAIN      1  behav  PLEXx  avrd= 0.9086104D+00  gyrd= 0.6479141D+00
$nodty
 NO3xx      1                coo1= 0.6221923D+02  coo2= 0.4104443D+02  coo3= 0.0000000D+00
$tacty
 POLYG      1  color  BLUEx  nb_vertex=      5
                             coo1= 0.1044430D+01  coo2=-0.1426868D-16
                             coo1= 0.3227467D+00  coo2= 0.9933122D+00
                             coo1=-0.8449619D+00  coo2= 0.6139007D+00
                             coo1=-0.8449619D+00  coo2=-0.6139007D+00
                             coo1= 0.3227467D+00  coo2=-0.9933122D+00
$$$$$$
      
$bdyty
 RBDY2       15
$blmty
 PLAIN      1  behav  PLEXx  avrd= 0.1035286D+01  gyrd= 0.7382445D+00
$nodty
 NO3xx      1                coo1= 0.6445810D+02  coo2= 0.4119004D+02  coo3= 0.0000000D+00
$tacty
 POLYG      1  color  BLUEx  nb_vertex=      5
                             coo1= 0.1190042D+01  coo2= 0.3297155D-16
                             coo1= 0.3677432D+00  coo2= 0.1131797D+01
                             coo1=-0.9627642D+00  coo2= 0.6994892D+00
                             coo1=-0.9627642D+00  coo2=-0.6994892D+00
                             coo1= 0.3677432D+00  coo2=-0.1131797D+01
$$$$$$
      
$bdyty
 RBDY2       16
$blmty
 PLAIN      1  behav  PLEXx  avrd= 0.1231381D+01  gyrd= 0.8780763D+00
$nodty
 NO3xx      1                coo1= 0.7160820D+02  coo2= 0.4141545D+02  coo3= 0.0000000D+00
$tacty
 POLYG      1  color  BLUEx  nb_vertex=      5
                             coo1= 0.1415449D+01  coo2=-0.3107520D-16
                             coo1= 0.4373979D+00  coo2= 0.1346172D+01
                             coo1=-0.1145123D+01  coo2= 0.8319802D+00
                             coo1=-0.1145123D+01  coo2=-0.8319802D+00
                             coo1= 0.4373979D+00  coo2=-0.1346172D+01
$$$$$$
      
$bdyty
 RBDY2       17
$blmty
 PLAIN      1  behav  PLEXx  avrd= 0.2148080D+01  gyrd= 0.1531758D+01
$nodty
 NO3xx      1                coo1= 0.6907780D+02  coo2= 0.4436289D+02  coo3= 0.0000000D+00
$tacty
 POLYG      1  color  BLUEx  nb_vertex=      5
                             coo1= 0.2469177D+01  coo2=-0.1838107D-15
                             coo1= 0.7630175D+00  coo2= 0.2348327D+01
                             coo1=-0.1997606D+01  coo2= 0.1451346D+01
                             coo1=-0.1997606D+01  coo2=-0.1451346D+01
                             coo1= 0.7630175D+00  coo2=-0.2348327D+01
$$$$$$
      
$bdyty
 RBDY2       18
$blmty
 PLAIN      1  behav  PLEXx  avrd= 0.1555423D+01  gyrd= 0.1109145D+01
$nodty
 NO3xx      1                coo1= 0.6070878D+02  coo2= 0.4344043D+02  coo3= 0.0000000D+00
$tacty
 POLYG      1  color  BLUEx  nb_vertex=      5
                             coo1= 0.1787929D+01  coo2=-0.1947610D-16
                             coo1= 0.5525005D+00  coo2= 0.1700422D+01
                             coo1=-0.1446465D+01  coo2= 0.1050918D+01
                             coo1=-0.1446465D+01  coo2=-0.1050918D+01
                             coo1= 0.5525005D+00  coo2=-0.1700422D+01
$$$$$$
      
$bdyty
 RBDY2       19
$blmty
 PLAIN      1  behav  PLEXx  avrd= 0.9989681D+00  gyrd= 0.7123466D+00
$nodty
 NO3xx      1                coo1= 0.3909101D+02  coo2= 0.4259460D+02  coo3= 0.0000000D+00
$tacty
 POLYG      1  color  BLUEx  nb_vertex=      5
                             coo1= 0.1148295D+01  coo2= 0.3541254D-16
                             coo1= 0.3548426D+00  coo2= 0.1092093D+01
                             coo1=-0.9289900D+00  coo2= 0.6749508D+00
                             coo1=-0.9289900D+00  coo2=-0.6749508D+00
                             coo1= 0.3548426D+00  coo2=-0.1092093D+01
$$$$$$
      
$bdyty
 RBDY2       20
$blmty
 PLAIN      1  behav  PLEXx  avrd= 0.1520674D+01  gyrd= 0.1084366D+01
$nodty
 NO3xx      1                coo1= 0.3639763D+02  coo2= 0.4365958D+02  coo3= 0.0000000D+00
$tacty
 POLYG      1  color  BLUEx  nb_vertex=      5
                             coo1= 0.1747985D+01  coo2=-0.2037638D-16
                             coo1= 0.5401572D+00  coo2= 0.1662433D+01
                             coo1=-0.1414150D+01  coo2= 0.1027440D+01
                             coo1=-0.1414150D+01  coo2=-0.1027440D+01
                             coo1= 0.5401572D+00  coo2=-0.1662433D+01
$$$$$$
      
$bdyty
 RBDY2       21
$blmty
 PLAIN      1  behav  PLEXx  avrd= 0.1445578D+01  gyrd= 0.1030816D+01
$nodty
 NO3xx      1                coo1= 0.4444572D+02  coo2= 0.4371341D+02  coo3= 0.0000000D+00
$tacty
 POLYG      1  color  BLUEx  nb_vertex=      5
                             coo1= 0.1661664D+01  coo2= 0.4378875D-25
                             coo1= 0.5134824D+00  coo2= 0.1580336D+01
                             coo1=-0.1344314D+01  coo2= 0.9767015D+00
                             coo1=-0.1344314D+01  coo2=-0.9767015D+00
                             coo1= 0.5134824D+00  coo2=-0.1580336D+01
$$$$$$
      
$bdyty
 RBDY2       22
$blmty
 PLAIN      1  behav  PLEXx  avrd= 0.1068120D+01  gyrd= 0.7616574D+00
$nodty
 NO3xx      1                coo1= 0.7377222D+02  coo2= 0.4293324D+02  coo3= 0.0000000D+00
$tacty
 POLYG      1  color  BLUEx  nb_vertex=      5
                             coo1= 0.1227783D+01  coo2=-0.9292695D-16
                             coo1= 0.3794059D+00  coo2= 0.1167691D+01
                             coo1=-0.9932976D+00  coo2= 0.7216729D+00
                             coo1=-0.9932976D+00  coo2=-0.7216729D+00
                             coo1= 0.3794059D+00  coo2=-0.1167691D+01
$$$$$$
      
$bdyty
 RBDY2       23
$blmty
 PLAIN      1  behav  PLEXx  avrd= 0.1777858D+01  gyrd= 0.1267759D+01
$nodty
 NO3xx      1                coo1= 0.2512756D+02  coo2= 0.4439122D+02  coo3= 0.0000000D+00
$tacty
 POLYG      1  color  BLUEx  nb_vertex=      5
                             coo1= 0.2043614D+01  coo2=-0.2981501D-16
                             coo1= 0.6315114D+00  coo2= 0.1943592D+01
                             coo1=-0.1653318D+01  coo2= 0.1201206D+01
                             coo1=-0.1653318D+01  coo2=-0.1201206D+01
                             coo1= 0.6315114D+00  coo2=-0.1943592D+01
$$$$$$
      
$bdyty
 RBDY2       24
$blmty
 PLAIN      1  behav  PLEXx  avrd= 0.1292572D+01  gyrd= 0.9217103D+00
$nodty
 NO3xx      1                coo1= 0.2162007D+02  coo2= 0.4361832D+02  coo3= 0.0000000D+00
$tacty
 POLYG      1  color  BLUEx  nb_vertex=      5
                             coo1= 0.1485787D+01  coo2=-0.4230394D-16
                             coo1= 0.4591334D+00  coo2= 0.1413067D+01
                             coo1=-0.1202027D+01  coo2= 0.8733236D+00
                             coo1=-0.1202027D+01  coo2=-0.8733236D+00
                             coo1= 0.4591334D+00  coo2=-0.1413067D+01
$$$$$$
      
$bdyty
 RBDY2       25
$blmty
 PLAIN      1  behav  PLEXx  avrd= 0.9496426D+00  gyrd= 0.6771734D+00
$nodty
 NO3xx      1                coo1= 0.6553861D+02  coo2= 0.4319961D+02  coo3= 0.0000000D+00
$tacty
 POLYG      1  color  BLUEx  nb_vertex=      5
                             coo1= 0.1091596D+01  coo2=-0.1306227D-16
                             coo1= 0.3373217D+00  coo2= 0.1038170D+01
                             coo1=-0.8831198D+00  coo2= 0.6416241D+00
                             coo1=-0.8831198D+00  coo2=-0.6416241D+00
                             coo1= 0.3373217D+00  coo2=-0.1038170D+01
$$$$$$
      
$bdyty
 RBDY2       26
$blmty
 PLAIN      1  behav  PLEXx  avrd= 0.1261879D+01  gyrd= 0.8998236D+00
$nodty
 NO3xx      1                coo1= 0.3143997D+02  coo2= 0.4405520D+02  coo3= 0.0000000D+00
$tacty
 POLYG      1  color  BLUEx  nb_vertex=      5
                             coo1= 0.1450506D+01  coo2=-0.1479564D-16
                             coo1= 0.4482309D+00  coo2= 0.1379513D+01
                             coo1=-0.1173484D+01  coo2= 0.8525859D+00
                             coo1=-0.1173484D+01  coo2=-0.8525859D+00
                             coo1= 0.4482309D+00  coo2=-0.1379513D+01
$$$$$$
      
$bdyty
 RBDY2       27
$blmty
 PLAIN      1  behav  PLEXx  avrd= 0.1856111D+01  gyrd= 0.1323560D+01
$nodty
 NO3xx      1                coo1= 0.4680649D+01  coo2= 0.4525525D+02  coo3= 0.0000000D+00
$tacty
 POLYG      1  color  BLUEx  nb_vertex=      5
                             coo1= 0.2133565D+01  coo2=-0.1094161D-15
                             coo1= 0.6593077D+00  coo2= 0.2029140D+01
                             coo1=-0.1726090D+01  coo2= 0.1254078D+01
                             coo1=-0.1726090D+01  coo2=-0.1254078D+01
                             coo1= 0.6593077D+00  coo2=-0.2029140D+01
$$$$$$
      
$bdyty
 RBDY2       28
$blmty
 PLAIN      1  behav  PLEXx  avrd= 0.9393826D+00  gyrd= 0.6698572D+00
$nodty
 NO3xx      1                coo1= 0.4769793D+02  coo2= 0.4355018D+02  coo3= 0.0000000D+00
$tacty
 POLYG      1  color  BLUEx  nb_vertex=      5
                             coo1= 0.1079802D+01  coo2=-0.4004750D-16
                             coo1= 0.3336773D+00  coo2= 0.1026953D+01
                             coo1=-0.8735784D+00  coo2= 0.6346919D+00
                             coo1=-0.8735784D+00  coo2=-0.6346919D+00
                             coo1= 0.3336773D+00  coo2=-0.1026953D+01
$$$$$$
      
$bdyty
 RBDY2       29
$blmty
 PLAIN      1  behav  PLEXx  avrd= 0.1032943D+01  gyrd= 0.7365731D+00
$nodty
 NO3xx      1                coo1= 0.1564992D+02  coo2= 0.4412960D+02  coo3= 0.0000000D+00
$tacty
 POLYG      1  color  BLUEx  nb_vertex=      5
                             coo1= 0.1187348D+01  coo2= 0.0000000D+00
                             coo1= 0.3669106D+00  coo2= 0.1129235D+01
                             coo1=-0.9605844D+00  coo2= 0.6979055D+00
                             coo1=-0.9605844D+00  coo2=-0.6979055D+00
                             coo1= 0.3669106D+00  coo2=-0.1129235D+01
$$$$$$
      
$bdyty
 RBDY2       30
$blmty
 PLAIN      1  behav  PLEXx  avrd= 0.1733262D+01  gyrd= 0.1235959D+01
$nodty
 NO3xx      1                coo1= 0.4079354D+02  coo2= 0.4523374D+02  coo3= 0.0000000D+00
$tacty
 POLYG      1  color  BLUEx  nb_vertex=      5
                             coo1= 0.1992352D+01  coo2=-0.4705347D-16
                             coo1= 0.6156707D+00  coo2= 0.1894840D+01
                             coo1=-0.1611847D+01  coo2= 0.1171075D+01
                             coo1=-0.1611847D+01  coo2=-0.1171075D+01
                             coo1= 0.6156707D+00  coo2=-0.1894840D+01
$$$$$$
      
$bdyty
 RBDY2       31
$blmty
 PLAIN      1  behav  PLEXx  avrd= 0.1639394D+01  gyrd= 0.1169023D+01
$nodty
 NO3xx      1                coo1= 0.1118261D+02  coo2= 0.4523573D+02  coo3= 0.0000000D+00
$tacty
 POLYG      1  color  BLUEx  nb_vertex=      5
                             coo1= 0.1884452D+01  coo2= 0.0000000D+00
                             coo1= 0.5823278D+00  coo2= 0.1792221D+01
                             coo1=-0.1524554D+01  coo2= 0.1107653D+01
                             coo1=-0.1524554D+01  coo2=-0.1107653D+01
                             coo1= 0.5823278D+00  coo2=-0.1792221D+01
$$$$$$
      
$bdyty
 RBDY2       32
$blmty
 PLAIN      1  behav  PLEXx  avrd= 0.2031493D+01  gyrd= 0.1448622D+01
$nodty
 NO3xx      1                coo1= 0.6380945D+02  coo2= 0.4615810D+02  coo3= 0.0000000D+00
$tacty
 POLYG      1  color  BLUEx  nb_vertex=      5
                             coo1= 0.2335163D+01  coo2= 0.0000000D+00
                             coo1= 0.7216050D+00  coo2= 0.2220872D+01
                             coo1=-0.1889187D+01  coo2= 0.1372574D+01
                             coo1=-0.1889187D+01  coo2=-0.1372574D+01
                             coo1= 0.7216050D+00  coo2=-0.2220872D+01
$$$$$$
      
$bdyty
 RBDY2       33
$blmty
 PLAIN      1  behav  PLEXx  avrd= 0.2004797D+01  gyrd= 0.1429585D+01
$nodty
 NO3xx      1                coo1= 0.5380503D+02  coo2= 0.4616295D+02  coo3= 0.0000000D+00
$tacty
 POLYG      1  color  BLUEx  nb_vertex=      5
                             coo1= 0.2304476D+01  coo2= 0.7034117D-16
                             coo1= 0.7121222D+00  coo2= 0.2191687D+01
                             coo1=-0.1864360D+01  coo2= 0.1354537D+01
                             coo1=-0.1864360D+01  coo2=-0.1354537D+01
                             coo1= 0.7121222D+00  coo2=-0.2191687D+01
$$$$$$
      
$bdyty
 RBDY2       34
$blmty
 PLAIN      1  behav  PLEXx  avrd= 0.1627142D+01  gyrd= 0.1160286D+01
$nodty
 NO3xx      1                coo1= 0.7311261D+02  coo2= 0.4596036D+02  coo3= 0.0000000D+00
$tacty
 POLYG      1  color  BLUEx  nb_vertex=      5
                             coo1= 0.1870368D+01  coo2=-0.1779706D-16
                             coo1= 0.5779756D+00  coo2= 0.1778826D+01
                             coo1=-0.1513160D+01  coo2= 0.1099375D+01
                             coo1=-0.1513160D+01  coo2=-0.1099375D+01
                             coo1= 0.5779756D+00  coo2=-0.1778826D+01
$$$$$$
      
$bdyty
 RBDY2       35
$blmty
 PLAIN      1  behav  PLEXx  avrd= 0.1947570D+01  gyrd= 0.1388778D+01
$nodty
 NO3xx      1                coo1= 0.1917574D+02  coo2= 0.4642848D+02  coo3= 0.0000000D+00
$tacty
 POLYG      1  color  BLUEx  nb_vertex=      5
                             coo1= 0.2238694D+01  coo2=-0.9938092D-16
                             coo1= 0.6917946D+00  coo2= 0.2129125D+01
                             coo1=-0.1811142D+01  coo2= 0.1315872D+01
                             coo1=-0.1811142D+01  coo2=-0.1315872D+01
                             coo1= 0.6917946D+00  coo2=-0.2129125D+01
$$$$$$
      
$bdyty
 RBDY2       36
$blmty
 PLAIN      1  behav  PLEXx  avrd= 0.1441668D+01  gyrd= 0.1028028D+01
$nodty
 NO3xx      1                coo1= 0.2885962D+02  coo2= 0.4578710D+02  coo3= 0.0000000D+00
$tacty
 POLYG      1  color  BLUEx  nb_vertex=      5
                             coo1= 0.1657170D+01  coo2=-0.2267089D-16
                             coo1= 0.5120937D+00  coo2= 0.1576062D+01
                             coo1=-0.1340679D+01  coo2= 0.9740601D+00
                             coo1=-0.1340679D+01  coo2=-0.9740601D+00
                             coo1= 0.5120937D+00  coo2=-0.1576062D+01
$$$$$$
      
$bdyty
 RBDY2       37
$blmty
 PLAIN      1  behav  PLEXx  avrd= 0.1330090D+01  gyrd= 0.9484636D+00
$nodty
 NO3xx      1                coo1= 0.3388298D+02  coo2= 0.4576067D+02  coo3= 0.0000000D+00
$tacty
 POLYG      1  color  BLUEx  nb_vertex=      5
                             coo1= 0.1528913D+01  coo2= 0.2663405D-16
                             coo1= 0.4724601D+00  coo2= 0.1454082D+01
                             coo1=-0.1236916D+01  coo2= 0.8986724D+00
                             coo1=-0.1236916D+01  coo2=-0.8986724D+00
                             coo1= 0.4724601D+00  coo2=-0.1454082D+01
$$$$$$
      
$bdyty
 RBDY2       38
$blmty
 PLAIN      1  behav  PLEXx  avrd= 0.1879412D+01  gyrd= 0.1340175D+01
$nodty
 NO3xx      1                coo1= 0.4901123D+02  coo2= 0.4651225D+02  coo3= 0.0000000D+00
$tacty
 POLYG      1  color  BLUEx  nb_vertex=      5
                             coo1= 0.2160348D+01  coo2=-0.1067199D-15
                             coo1= 0.6675842D+00  coo2= 0.2054613D+01
                             coo1=-0.1747758D+01  coo2= 0.1269821D+01
                             coo1=-0.1747758D+01  coo2=-0.1269821D+01
                             coo1= 0.6675842D+00  coo2=-0.2054613D+01
$$$$$$
      
$bdyty
 RBDY2       39
$blmty
 PLAIN      1  behav  PLEXx  avrd= 0.1086882D+01  gyrd= 0.7750362D+00
$nodty
 NO3xx      1                coo1= 0.1249350D+01  coo2= 0.4432064D+02  coo3= 0.0000000D+00
$tacty
 POLYG      1  color  BLUEx  nb_vertex=      5
                             coo1= 0.1249350D+01  coo2=-0.1994365D-16
                             coo1= 0.3860703D+00  coo2= 0.1188202D+01
                             coo1=-0.1010745D+01  coo2= 0.7343494D+00
                             coo1=-0.1010745D+01  coo2=-0.7343494D+00
                             coo1= 0.3860703D+00  coo2=-0.1188202D+01
$$$$$$
      
$bdyty
 RBDY2       40
$blmty
 PLAIN      1  behav  PLEXx  avrd= 0.1183950D+01  gyrd= 0.8442540D+00
$nodty
 NO3xx      1                coo1= 0.5849926D+02  coo2= 0.4568393D+02  coo3= 0.0000000D+00
$tacty
 POLYG      1  color  BLUEx  nb_vertex=      5
                             coo1= 0.1360928D+01  coo2= 0.2827822D-24
                             coo1= 0.4205499D+00  coo2= 0.1294320D+01
                             coo1=-0.1101014D+01  coo2= 0.7999335D+00
                             coo1=-0.1101014D+01  coo2=-0.7999335D+00
                             coo1= 0.4205499D+00  coo2=-0.1294320D+01
$$$$$$
      
$bdyty
 RBDY2       41
$blmty
 PLAIN      1  behav  PLEXx  avrd= 0.2152068D+01  gyrd= 0.1534602D+01
$nodty
 NO3xx      1                coo1= 0.1467890D+02  coo2= 0.4783764D+02  coo3= 0.0000000D+00
$tacty
 POLYG      1  color  BLUEx  nb_vertex=      5
                             coo1= 0.2473761D+01  coo2=-0.1017389D-15
                             coo1= 0.7644343D+00  coo2= 0.2352687D+01
                             coo1=-0.2001315D+01  coo2= 0.1454041D+01
                             coo1=-0.2001315D+01  coo2=-0.1454041D+01
                             coo1= 0.7644343D+00  coo2=-0.2352687D+01
$$$$$$
      
$bdyty
 RBDY2       42
$blmty
 PLAIN      1  behav  PLEXx  avrd= 0.1490124D+01  gyrd= 0.1062581D+01
$nodty
 NO3xx      1                coo1= 0.3750396D+02  coo2= 0.4693884D+02  coo3= 0.0000000D+00
$tacty
 POLYG      1  color  BLUEx  nb_vertex=      5
                             coo1= 0.1712869D+01  coo2=-0.2122045D-16
                             coo1= 0.5293055D+00  coo2= 0.1629035D+01
                             coo1=-0.1385740D+01  coo2= 0.1006799D+01
                             coo1=-0.1385740D+01  coo2=-0.1006799D+01
                             coo1= 0.5293055D+00  coo2=-0.1629035D+01
$$$$$$
      
$bdyty
 RBDY2       43
$blmty
 PLAIN      1  behav  PLEXx  avrd= 0.1505473D+01  gyrd= 0.1073527D+01
$nodty
 NO3xx      1                coo1= 0.4515505D+02  coo2= 0.4703059D+02  coo3= 0.0000000D+00
$tacty
 POLYG      1  color  BLUEx  nb_vertex=      5
                             coo1= 0.1730513D+01  coo2=-0.4157985D-16
                             coo1= 0.5347579D+00  coo2= 0.1645816D+01
                             coo1=-0.1400014D+01  coo2= 0.1017170D+01
                             coo1=-0.1400014D+01  coo2=-0.1017170D+01
                             coo1= 0.5347579D+00  coo2=-0.1645816D+01
$$$$$$
      
$bdyty
 RBDY2       44
$blmty
 PLAIN      1  behav  PLEXx  avrd= 0.1354844D+01  gyrd= 0.9661151D+00
$nodty
 NO3xx      1                coo1= 0.8072665D+01  coo2= 0.4671031D+02  coo3= 0.0000000D+00
$tacty
 POLYG      1  color  BLUEx  nb_vertex=      5
                             coo1= 0.1557367D+01  coo2=-0.3850455D-16
                             coo1= 0.4812529D+00  coo2= 0.1481144D+01
                             coo1=-0.1259936D+01  coo2= 0.9153973D+00
                             coo1=-0.1259936D+01  coo2=-0.9153973D+00
                             coo1= 0.4812529D+00  coo2=-0.1481144D+01
$$$$$$
      
$bdyty
 RBDY2       45
$blmty
 PLAIN      1  behav  PLEXx  avrd= 0.9663605D+00  gyrd= 0.6890947D+00
$nodty
 NO3xx      1                coo1= 0.2251430D+02  coo2= 0.4615793D+02  coo3= 0.0000000D+00
$tacty
 POLYG      1  color  BLUEx  nb_vertex=      5
                             coo1= 0.1110813D+01  coo2=-0.2522846D-16
                             coo1= 0.3432601D+00  coo2= 0.1056446D+01
                             coo1=-0.8986666D+00  coo2= 0.6529195D+00
                             coo1=-0.8986666D+00  coo2=-0.6529195D+00
                             coo1= 0.3432601D+00  coo2=-0.1056446D+01
$$$$$$
      
$bdyty
 RBDY2       46
$blmty
 PLAIN      1  behav  PLEXx  avrd= 0.1351077D+01  gyrd= 0.9634291D+00
$nodty
 NO3xx      1                coo1= 0.1553037D+01  coo2= 0.4720693D+02  coo3= 0.0000000D+00
$tacty
 POLYG      1  color  BLUEx  nb_vertex=      5
                             coo1= 0.1553037D+01  coo2=-0.5162606D-16
                             coo1= 0.4799149D+00  coo2= 0.1477026D+01
                             coo1=-0.1256433D+01  coo2= 0.9128523D+00
                             coo1=-0.1256433D+01  coo2=-0.9128523D+00
                             coo1= 0.4799149D+00  coo2=-0.1477026D+01
$$$$$$
      
$bdyty
 RBDY2       47
$blmty
 PLAIN      1  behav  PLEXx  avrd= 0.1467441D+01  gyrd= 0.1046406D+01
$nodty
 NO3xx      1                coo1= 0.3146613D+02  coo2= 0.4788190D+02  coo3= 0.0000000D+00
$tacty
 POLYG      1  color  BLUEx  nb_vertex=      5
                             coo1= 0.1686795D+01  coo2=-0.6564461D-16
                             coo1= 0.5212484D+00  coo2= 0.1604238D+01
                             coo1=-0.1364646D+01  coo2= 0.9914735D+00
                             coo1=-0.1364646D+01  coo2=-0.9914735D+00
                             coo1= 0.5212484D+00  coo2=-0.1604238D+01
$$$$$$
      
$bdyty
 RBDY2       48
$blmty
 PLAIN      1  behav  PLEXx  avrd= 0.9290675D+00  gyrd= 0.6625017D+00
$nodty
 NO3xx      1                coo1= 0.6052024D+02  coo2= 0.4703117D+02  coo3= 0.0000000D+00
$tacty
 POLYG      1  color  BLUEx  nb_vertex=      5
                             coo1= 0.1067945D+01  coo2= 0.5458893D-16
                             coo1= 0.3300132D+00  coo2= 0.1015676D+01
                             coo1=-0.8639860D+00  coo2= 0.6277225D+00
                             coo1=-0.8639860D+00  coo2=-0.6277225D+00
                             coo1= 0.3300132D+00  coo2=-0.1015676D+01
$$$$$$
      
$bdyty
 RBDY2       49
$blmty
 PLAIN      1  behav  PLEXx  avrd= 0.1006558D+01  gyrd= 0.7177590D+00
$nodty
 NO3xx      1                coo1= 0.2648128D+02  coo2= 0.4729147D+02  coo3= 0.0000000D+00
$tacty
 POLYG      1  color  BLUEx  nb_vertex=      5
                             coo1= 0.1157020D+01  coo2=-0.3488049D-16
                             coo1= 0.3575387D+00  coo2= 0.1100391D+01
                             coo1=-0.9360485D+00  coo2= 0.6800790D+00
                             coo1=-0.9360485D+00  coo2=-0.6800790D+00
                             coo1= 0.3575387D+00  coo2=-0.1100391D+01
$$$$$$
      
$bdyty
 RBDY2       50
$blmty
 PLAIN      1  behav  PLEXx  avrd= 0.1125501D+01  gyrd= 0.8025750D+00
$nodty
 NO3xx      1                coo1= 0.6714362D+02  coo2= 0.4759066D+02  coo3= 0.0000000D+00
$tacty
 POLYG      1  color  BLUEx  nb_vertex=      5
                             coo1= 0.1293742D+01  coo2= 0.2789771D-16
                             coo1= 0.3997882D+00  coo2= 0.1230422D+01
                             coo1=-0.1046659D+01  coo2= 0.7604424D+00
                             coo1=-0.1046659D+01  coo2=-0.7604424D+00
                             coo1= 0.3997882D+00  coo2=-0.1230422D+01
$$$$$$
      
$bdyty
 RBDY2       51
$blmty
 PLAIN      1  behav  PLEXx  avrd= 0.2014155D+01  gyrd= 0.1436258D+01
$nodty
 NO3xx      1                coo1= 0.7039950D+02  coo2= 0.4914757D+02  coo3= 0.0000000D+00
$tacty
 POLYG      1  color  BLUEx  nb_vertex=      5
                             coo1= 0.2315232D+01  coo2=-0.6968908D-16
                             coo1= 0.7154461D+00  coo2= 0.2201917D+01
                             coo1=-0.1873062D+01  coo2= 0.1360859D+01
                             coo1=-0.1873062D+01  coo2=-0.1360859D+01
                             coo1= 0.7154461D+00  coo2=-0.2201917D+01
$$$$$$
      
$bdyty
 RBDY2       52
$blmty
 PLAIN      1  behav  PLEXx  avrd= 0.1079603D+01  gyrd= 0.7698458D+00
$nodty
 NO3xx      1                coo1= 0.5695955D+02  coo2= 0.4778137D+02  coo3= 0.0000000D+00
$tacty
 POLYG      1  color  BLUEx  nb_vertex=      5
                             coo1= 0.1240983D+01  coo2= 0.6064044D-16
                             coo1= 0.3834848D+00  coo2= 0.1180245D+01
                             coo1=-0.1003976D+01  coo2= 0.7294314D+00
                             coo1=-0.1003976D+01  coo2=-0.7294314D+00
                             coo1= 0.3834848D+00  coo2=-0.1180245D+01
$$$$$$
      
$bdyty
 RBDY2       53
$blmty
 PLAIN      1  behav  PLEXx  avrd= 0.1147247D+01  gyrd= 0.8180817D+00
$nodty
 NO3xx      1                coo1= 0.2410690D+02  coo2= 0.4799269D+02  coo3= 0.0000000D+00
$tacty
 POLYG      1  color  BLUEx  nb_vertex=      5
                             coo1= 0.1318739D+01  coo2=-0.3580017D-16
                             coo1= 0.4075127D+00  coo2= 0.1254195D+01
                             coo1=-0.1066882D+01  coo2= 0.7751351D+00
                             coo1=-0.1066882D+01  coo2=-0.7751351D+00
                             coo1= 0.4075127D+00  coo2=-0.1254195D+01
$$$$$$
      
$bdyty
 RBDY2       54
$blmty
 PLAIN      1  behav  PLEXx  avrd= 0.2003782D+01  gyrd= 0.1428862D+01
$nodty
 NO3xx      1                coo1= 0.4188255D+02  coo2= 0.4938907D+02  coo3= 0.0000000D+00
$tacty
 POLYG      1  color  BLUEx  nb_vertex=      5
                             coo1= 0.2303309D+01  coo2= 0.0000000D+00
                             coo1= 0.7117618D+00  coo2= 0.2190577D+01
                             coo1=-0.1863416D+01  coo2= 0.1353851D+01
                             coo1=-0.1863416D+01  coo2=-0.1353851D+01
                             coo1= 0.7117618D+00  coo2=-0.2190577D+01
$$$$$$
      
$bdyty
 RBDY2       55
$blmty
 PLAIN      1  behav  PLEXx  avrd= 0.2053426D+01  gyrd= 0.1464262D+01
$nodty
 NO3xx      1                coo1= 0.5508420D+01  coo2= 0.4967229D+02  coo3= 0.0000000D+00
$tacty
 POLYG      1  color  BLUEx  nb_vertex=      5
                             coo1= 0.2360374D+01  coo2= 0.4469933D-16
                             coo1= 0.7293957D+00  coo2= 0.2244849D+01
                             coo1=-0.1909583D+01  coo2= 0.1387393D+01
                             coo1=-0.1909583D+01  coo2=-0.1387393D+01
                             coo1= 0.7293957D+00  coo2=-0.2244849D+01
$$$$$$
      
$bdyty
 RBDY2       56
$blmty
 PLAIN      1  behav  PLEXx  avrd= 0.1311787D+01  gyrd= 0.9354119D+00
$nodty
 NO3xx      1                coo1= 0.1051553D+02  coo2= 0.4856182D+02  coo3= 0.0000000D+00
$tacty
 POLYG      1  color  BLUEx  nb_vertex=      5
                             coo1= 0.1507874D+01  coo2=-0.1232212D-15
                             coo1= 0.4659586D+00  coo2= 0.1434073D+01
                             coo1=-0.1219895D+01  coo2= 0.8863059D+00
                             coo1=-0.1219895D+01  coo2=-0.8863059D+00
                             coo1= 0.4659586D+00  coo2=-0.1434073D+01
$$$$$$
      
$bdyty
 RBDY2       57
$blmty
 PLAIN      1  behav  PLEXx  avrd= 0.1523308D+01  gyrd= 0.1086244D+01
$nodty
 NO3xx      1                coo1= 0.3471800D+02  coo2= 0.4899721D+02  coo3= 0.0000000D+00
$tacty
 POLYG      1  color  BLUEx  nb_vertex=      5
                             coo1= 0.1751013D+01  coo2= 0.4061196D-16
                             coo1= 0.5410927D+00  coo2= 0.1665312D+01
                             coo1=-0.1416599D+01  coo2= 0.1029219D+01
                             coo1=-0.1416599D+01  coo2=-0.1029219D+01
                             coo1= 0.5410927D+00  coo2=-0.1665312D+01
$$$$$$
      
$bdyty
 RBDY2       58
$blmty
 PLAIN      1  behav  PLEXx  avrd= 0.1525432D+01  gyrd= 0.1087758D+01
$nodty
 NO3xx      1                coo1= 0.2841339D+02  coo2= 0.4946812D+02  coo3= 0.0000000D+00
$tacty
 POLYG      1  color  BLUEx  nb_vertex=      5
                             coo1= 0.1753455D+01  coo2=-0.2024947D-16
                             coo1= 0.5418472D+00  coo2= 0.1667634D+01
                             coo1=-0.1418574D+01  coo2= 0.1030655D+01
                             coo1=-0.1418574D+01  coo2=-0.1030655D+01
                             coo1= 0.5418472D+00  coo2=-0.1667634D+01
$$$$$$
      
$bdyty
 RBDY2       59
$blmty
 PLAIN      1  behav  PLEXx  avrd= 0.1504768D+01  gyrd= 0.1073024D+01
$nodty
 NO3xx      1                coo1= 0.5933494D+02  coo2= 0.4956532D+02  coo3= 0.0000000D+00
$tacty
 POLYG      1  color  BLUEx  nb_vertex=      5
                             coo1= 0.1729702D+01  coo2= 0.0000000D+00
                             coo1= 0.5345075D+00  coo2= 0.1645045D+01
                             coo1=-0.1399359D+01  coo2= 0.1016694D+01
                             coo1=-0.1399359D+01  coo2=-0.1016694D+01
                             coo1= 0.5345075D+00  coo2=-0.1645045D+01
$$$$$$
      
$bdyty
 RBDY2       60
$blmty
 PLAIN      1  behav  PLEXx  avrd= 0.1354559D+01  gyrd= 0.9659119D+00
$nodty
 NO3xx      1                coo1= 0.2158003D+02  coo2= 0.4936565D+02  coo3= 0.0000000D+00
$tacty
 POLYG      1  color  BLUEx  nb_vertex=      5
                             coo1= 0.1557039D+01  coo2=-0.8988175D-16
                             coo1= 0.4811516D+00  coo2= 0.1480832D+01
                             coo1=-0.1259671D+01  coo2= 0.9152047D+00
                             coo1=-0.1259671D+01  coo2=-0.9152047D+00
                             coo1= 0.4811516D+00  coo2=-0.1480832D+01
$$$$$$
      
$bdyty
 RBDY2       61
$blmty
 PLAIN      1  behav  PLEXx  avrd= 0.1009642D+01  gyrd= 0.7199577D+00
$nodty
 NO3xx      1                coo1= 0.5514748D+02  coo2= 0.4935738D+02  coo3= 0.0000000D+00
$tacty
 POLYG      1  color  BLUEx  nb_vertex=      5
                             coo1= 0.1160564D+01  coo2=-0.4622369D-16
                             coo1= 0.3586339D+00  coo2= 0.1103762D+01
                             coo1=-0.9389158D+00  coo2= 0.6821623D+00
                             coo1=-0.9389158D+00  coo2=-0.6821623D+00
                             coo1= 0.3586339D+00  coo2=-0.1103762D+01
$$$$$$
      
$bdyty
 RBDY2       62
$blmty
 PLAIN      1  behav  PLEXx  avrd= 0.1175272D+01  gyrd= 0.8380654D+00
$nodty
 NO3xx      1                coo1= 0.3826512D+02  coo2= 0.4990661D+02  coo3= 0.0000000D+00
$tacty
 POLYG      1  color  BLUEx  nb_vertex=      5
                             coo1= 0.1350952D+01  coo2= 0.5116982D-16
                             coo1= 0.4174672D+00  coo2= 0.1284832D+01
                             coo1=-0.1092943D+01  coo2= 0.7940698D+00
                             coo1=-0.1092943D+01  coo2=-0.7940698D+00
                             coo1= 0.4174672D+00  coo2=-0.1284832D+01
$$$$$$
      
$bdyty
 RBDY2       63
$blmty
 PLAIN      1  behav  PLEXx  avrd= 0.9719278D+00  gyrd= 0.6930646D+00
$nodty
 NO3xx      1                coo1= 0.7388279D+02  coo2= 0.4884696D+02  coo3= 0.0000000D+00
$tacty
 POLYG      1  color  BLUEx  nb_vertex=      5
                             coo1= 0.1117212D+01  coo2=-0.8729094D-16
                             coo1= 0.3452376D+00  coo2= 0.1062532D+01
                             coo1=-0.9038438D+00  coo2= 0.6566810D+00
                             coo1=-0.9038438D+00  coo2=-0.6566810D+00
                             coo1= 0.3452376D+00  coo2=-0.1062532D+01
$$$$$$
      
$bdyty
 RBDY2       64
$blmty
 PLAIN      1  behav  TDURx  avrd= 0.1459971D+02  gyrd= 0.4666441D+02
$nodty
 NO3xx      1                coo1= 0.6250000D+02  coo2=-0.2500000D+01  coo3= 0.0000000D+00
$tacty
 JONCx      1  color  WALLx  ax1 = 0.6500000D+02  ax2 = 0.2500000D+01
$$$$$$
      
$bdyty
 RBDY2       65
$blmty
 PLAIN      1  behav  TDURx  avrd= 0.1459971D+02  gyrd= 0.4666441D+02
$nodty
 NO3xx      1                coo1= 0.6250000D+02  coo2= 0.7750000D+02  coo3= 0.0000000D+00
$tacty
 JONCx      1  color  WALLx  ax1 = 0.6500000D+02  ax2 = 0.2500000D+01
$$$$$$
      
$bdyty
 RBDY2       66
$blmty
 PLAIN      1  behav  TDURx  avrd= 0.1155742D+02  gyrd= 0.2899237D+02
$nodty
 NO3xx      1                coo1=-0.2500000D+01  coo2= 0.3750000D+02  coo3= 0.0000000D+00
$tacty
 JONCx      1  color  WALLx  ax1 = 0.4000000D+02  ax2 = 0.2500000D+01
$$$$$$
      
$bdyty
 RBDY2       67
$blmty
 PLAIN      1  behav  TDURx  avrd= 0.1155742D+02  gyrd= 0.2899237D+02
$nodty
 NO3xx      1                coo1= 0.1275000D+03  coo2= 0.3750000D+02  coo3= 0.0000000D+00
$tacty
 JONCx      1  color  WALLx  ax1 = 0.4000000D+02  ax2 = 0.2500000D+01
$$$$$$
      
!-----------------------------------------------------------------------
