Internal timers: 
================ 
                          Elapsed time  :  Elapsed ratio :
 
 - [RBDY2] comp mass      0.0000000D+00 s          0.00 %
 - [RBDY2] comp Fext      0.0000000D+00 s          0.00 %
 - [RBDY2] comp bulk      0.0000000D+00 s          0.00 %
 - [RBDY2] comp Free V    0.0000000D+00 s          0.00 %
 - [PLJCx] select         0.4687500D-01 s          1.51 %
 - [PLPLx] select         0.1406250D+00 s          4.52 %
 - [inter_2D] recup       0.6250000D-01 s          2.01 %
 - [NLGS2] prep           0.1093750D+00 s          3.52 %
 - [NLGS2] iter           0.4062500D+00 s         13.07 %
 - [NLGS2] check          0.1562500D-01 s          0.50 %
 - [NLGS2] post           0.0000000D+00 s          0.00 %
 - [NLGS2] update tact    0.1562500D-01 s          0.50 %
 - [RBDY2] comp dof       0.0000000D+00 s          0.00 %
 - [RBDY2] update dof     0.0000000D+00 s          0.00 %
                         -----------------       ---------
  Accounted time          0.7968750D+00 s         25.63 %
  Total elapsed time      0.3109375D+01
 
 
